#
# A fatal error has been detected by the Java Runtime Environment:
#
#  EXCEPTION_ACCESS_VIOLATION (0xc0000005) at pc=0x00007ff9e3818926, pid=18776, tid=10388
#
# JRE version: Java(TM) SE Runtime Environment (17.0.5+9) (build 17.0.5+9-LTS-191)
# Java VM: Java HotSpot(TM) 64-Bit Server VM (17.0.5+9-LTS-191, mixed mode, sharing, tiered, compressed oops, compressed class ptrs, g1 gc, windows-amd64)
# Problematic frame:
# C  [d3d9.dll+0x118926]
#
# No core dump will be written. Minidumps are not enabled by default on client versions of Windows
#
# If you would like to submit a bug report, please visit:
#   https://bugreport.java.com/bugreport/crash.jsp
# The crash happened outside the Java Virtual Machine in native code.
# See problematic frame for where to report the bug.
#

---------------  S U M M A R Y ------------

Command Line: --module-path=C:\Users\Ivan\.m2\repository\org\openjfx\javafx-base\16\javafx-base-16-win.jar;C:\Users\Ivan\.m2\repository\org\openjfx\javafx-base\16\javafx-base-16.jar;C:\Users\Ivan\.m2\repository\org\openjfx\javafx-controls\16\javafx-controls-16-win.jar;C:\Users\Ivan\.m2\repository\org\openjfx\javafx-controls\16\javafx-controls-16.jar;C:\Users\Ivan\.m2\repository\org\openjfx\javafx-fxml\16\javafx-fxml-16-win.jar;C:\Users\Ivan\.m2\repository\org\openjfx\javafx-fxml\16\javafx-fxml-16.jar;C:\Users\Ivan\.m2\repository\org\openjfx\javafx-graphics\16\javafx-graphics-16-win.jar;C:\Users\Ivan\.m2\repository\org\openjfx\javafx-graphics\16\javafx-graphics-16.jar;C:\Users\Ivan\.m2\repository\org\openjfx\javafx-media\16\javafx-media-16-win.jar;C:\Users\Ivan\.m2\repository\org\openjfx\javafx-media\16\javafx-media-16.jar --add-modules=javafx.base,javafx.controls,javafx.fxml,javafx.graphics,javafx.media prac1.main.Main

Host: Intel(R) Core(TM) i5-7600K CPU @ 3.80GHz, 4 cores, 15G,  Windows 10 , 64 bit Build 19041 (10.0.19041.1889)
Time: Tue Nov  8 16:09:48 2022 Hora estándar romance elapsed time: 3.430065 seconds (0d 0h 0m 3s)

---------------  T H R E A D  ---------------

Current thread (0x000002047f892180):  JavaThread "QuantumRenderer-0" daemon [_thread_in_native, id=10388, stack(0x0000001e41c00000,0x0000001e41d00000)]

Stack: [0x0000001e41c00000,0x0000001e41d00000],  sp=0x0000001e41cfee00,  free space=1019k
Native frames: (J=compiled Java code, j=interpreted, Vv=VM code, C=native code)
C  [d3d9.dll+0x118926]

Java frames: (J=compiled Java code, j=interpreted, Vv=VM code)
j  com.sun.prism.d3d.D3DSwapChain.nPresent(JJ)I+0 javafx.graphics
j  com.sun.prism.d3d.D3DSwapChain.present()Z+16 javafx.graphics
j  com.sun.javafx.tk.quantum.PresentingPainter.run()V+446 javafx.graphics
j  java.util.concurrent.Executors$RunnableAdapter.call()Ljava/lang/Object;+4 java.base@17.0.5
j  java.util.concurrent.FutureTask.runAndReset()Z+44 java.base@17.0.5
j  com.sun.javafx.tk.RenderJob.run()V+1 javafx.graphics
j  java.util.concurrent.ThreadPoolExecutor.runWorker(Ljava/util/concurrent/ThreadPoolExecutor$Worker;)V+92 java.base@17.0.5
j  java.util.concurrent.ThreadPoolExecutor$Worker.run()V+5 java.base@17.0.5
j  com.sun.javafx.tk.quantum.QuantumRenderer$PipelineRunnable.run()V+8 javafx.graphics
j  java.lang.Thread.run()V+11 java.base@17.0.5
v  ~StubRoutines::call_stub

siginfo: EXCEPTION_ACCESS_VIOLATION (0xc0000005), reading address 0x0000000200070110


Register to memory mapping:

RIP=0x00007ff9e3818926 d3d9.dll
RAX=0x0000000200070000 is an unknown value
RBX=0x000002047fccefc0 points into unknown readable memory: 0x000002047fcd35b0 | b0 35 cd 7f 04 02 00 00
RCX=0x000002040893a1b8 points into unknown readable memory: 0x0000000200070000 | 00 00 07 00 02 00 00 00
RDX=0x000002047fccefc8 points into unknown readable memory: 0x0000000000000000 | 00 00 00 00 00 00 00 00
RSP=0x0000001e41cfee00 is pointing into the stack for thread: 0x000002047f892180
RBP=0x0000001e41cff1c0 is pointing into the stack for thread: 0x000002047f892180
RSI=0x0 is NULL
RDI=0x000002040893a1b8 points into unknown readable memory: 0x0000000200070000 | 00 00 07 00 02 00 00 00
R8 =0x0 is NULL
R9 =0x000000007ffe6000 points into unknown readable memory: 0x00000000546c6148 | 48 61 6c 54 00 00 00 00
R10=0x00000000546c6148 is an unknown value
R11=0x000005cd6e78c594 is an unknown value
R12=0x0 is NULL
R13={method} {0x000002040bb38f30} 'nPresent' '(JJ)I' in 'com/sun/prism/d3d/D3DSwapChain'
R14=0x0 is NULL
R15=0x0 is NULL


Registers:
RAX=0x0000000200070000, RBX=0x000002047fccefc0, RCX=0x000002040893a1b8, RDX=0x000002047fccefc8
RSP=0x0000001e41cfee00, RBP=0x0000001e41cff1c0, RSI=0x0000000000000000, RDI=0x000002040893a1b8
R8 =0x0000000000000000, R9 =0x000000007ffe6000, R10=0x00000000546c6148, R11=0x000005cd6e78c594
R12=0x0000000000000000, R13=0x000002040bb38f28, R14=0x0000000000000000, R15=0x0000000000000000
RIP=0x00007ff9e3818926, EFLAGS=0x0000000000010206

Top of Stack: (sp=0x0000001e41cfee00)
0x0000001e41cfee00:   000002040bb38f28 0000000000000000
0x0000001e41cfee10:   00000204086cf4e0 000044763ef4c770
0x0000001e41cfee20:   000002047fccefc8 0000000000000000
0x0000001e41cfee30:   8000000000000000 0000000100000001
0x0000001e41cfee40:   0000000000000000 00000204180639a4
0x0000001e41cfee50:   000002042004e4f8 0000000000000000
0x0000001e41cfee60:   000002040bb38f28 0000000000000000
0x0000001e41cfee70:   00000204088140d8 00000204180b8b85
0x0000001e41cfee80:   00000667e29b9762 000007ef94270f02
0x0000001e41cfee90:   0000000000000000 0000000000000000
0x0000001e41cfeea0:   0000000000000000 0000020418072e48
0x0000001e41cfeeb0:   00000204088140d8 fffffffffac16eac
0x0000001e41cfeec0:   0000000000000004 00000204088140d8
0x0000001e41cfeed0:   0000000000000021 000002047fccefc8
0x0000001e41cfeee0:   0000000000000000 00000204180729ff
0x0000001e41cfeef0:   00000204088140d8 00000204088140d8 

Instructions: (pc=0x00007ff9e3818926)
0x00007ff9e3818826:   cc cc cc cc cc cc cc cc cc cc 48 8b c4 56 57 41
0x00007ff9e3818836:   56 48 81 ec 90 00 00 00 48 c7 40 90 fe ff ff ff
0x00007ff9e3818846:   48 89 58 20 48 8b 05 37 cc 09 00 48 33 c4 48 89
0x00007ff9e3818856:   84 24 88 00 00 00 49 8b f8 8b f2 48 8b d9 48 8b
0x00007ff9e3818866:   c1 48 83 c1 08 48 f7 d8 48 1b d2 48 23 d1 45 33
0x00007ff9e3818876:   c0 48 8d 4c 24 20 e8 93 75 ef ff 90 8b 43 4c 83
0x00007ff9e3818886:   e0 02 84 c0 74 14 48 8d 4c 24 20 e8 b6 74 ef ff
0x00007ff9e3818896:   b8 6c 08 76 88 e9 da 02 00 00 85 f6 75 38 48 85
0x00007ff9e38188a6:   ff 75 33 41 b9 ce 07 00 00 4c 8d 05 da c0 07 00
0x00007ff9e38188b6:   48 8d 15 9b c7 07 00 b9 ef be ad de e8 65 df ef
0x00007ff9e38188c6:   ff 90 48 8d 4c 24 20 e8 7a 74 ef ff b8 6c 08 76
0x00007ff9e38188d6:   88 e9 9e 02 00 00 3b b3 a0 02 00 00 72 33 41 b9
0x00007ff9e38188e6:   d3 07 00 00 4c 8d 05 9f c0 07 00 48 8d 15 a0 c7
0x00007ff9e38188f6:   07 00 b9 ef be ad de e8 2a df ef ff 90 48 8d 4c
0x00007ff9e3818906:   24 20 e8 3f 74 ef ff b8 6c 08 76 88 e9 63 02 00
0x00007ff9e3818916:   00 48 85 ff 0f 84 6d 01 00 00 48 8b 07 48 8b cf
0x00007ff9e3818926:   48 8b 80 10 01 00 00 ff 15 f5 04 04 00 48 3b c3
0x00007ff9e3818936:   74 33 41 b9 e0 07 00 00 4c 8d 05 4b c0 07 00 48
0x00007ff9e3818946:   8d 15 b4 c7 07 00 b9 ef be ad de e8 d6 de ef ff
0x00007ff9e3818956:   90 48 8d 4c 24 20 e8 eb 73 ef ff b8 6c 08 76 88
0x00007ff9e3818966:   e9 0f 02 00 00 48 8b 07 48 8d 54 24 68 48 8b cf
0x00007ff9e3818976:   48 8b 80 f0 00 00 00 ff 15 a5 04 04 00 41 be 01
0x00007ff9e3818986:   00 00 00 44 84 74 24 70 75 6f 41 b9 e8 07 00 00
0x00007ff9e3818996:   4c 8d 05 f3 bf 07 00 48 8d 15 7c bb 07 00 b9 ef
0x00007ff9e38189a6:   be ad de e8 7e de ef ff 41 b9 e9 07 00 00 4c 8d
0x00007ff9e38189b6:   05 d5 bf 07 00 48 8d 15 0e bc 07 00 b9 ef be ad
0x00007ff9e38189c6:   de e8 60 de ef ff 41 b9 ea 07 00 00 4c 8d 05 b7
0x00007ff9e38189d6:   bf 07 00 48 8d 15 e0 c6 07 00 b9 ef be ad de e8
0x00007ff9e38189e6:   42 de ef ff 90 48 8d 4c 24 20 e8 57 73 ef ff b8
0x00007ff9e38189f6:   6c 08 76 88 e9 7b 01 00 00 f6 44 24 70 20 74 33
0x00007ff9e3818a06:   41 b9 f0 07 00 00 4c 8d 05 7d bf 07 00 48 8d 15
0x00007ff9e3818a16:   86 c7 07 00 b9 ef be ad de e8 08 de ef ff 90 48 


Stack slot to memory mapping:
stack at sp + 0 slots: {method} {0x000002040bb38f30} 'nPresent' '(JJ)I' in 'com/sun/prism/d3d/D3DSwapChain'
stack at sp + 1 slots: 0x0 is NULL
stack at sp + 2 slots: 0x00000204086cf4e0 points into unknown readable memory: 0x0000000a0000000a | 0a 00 00 00 0a 00 00 00
stack at sp + 3 slots: 0x000044763ef4c770 is an unknown value
stack at sp + 4 slots: 0x000002047fccefc8 points into unknown readable memory: 0x0000000000000000 | 00 00 00 00 00 00 00 00
stack at sp + 5 slots: 0x0 is NULL
stack at sp + 6 slots: 0x8000000000000000 is an unknown value
stack at sp + 7 slots: 0x0000000100000001 is an unknown value


---------------  P R O C E S S  ---------------

Threads class SMR info:
_java_thread_list=0x000002040d863960, length=19, elements={
0x0000020460214000, 0x000002047e731600, 0x000002047e732b20, 0x000002047e745e60,
0x000002047e749740, 0x000002047e74c7b0, 0x000002047e74fd60, 0x000002047e75ba80,
0x000002047e77c050, 0x000002047e77e570, 0x000002047e7195b0, 0x000002047f22e190,
0x000002047f2fb970, 0x000002047f892180, 0x000002047f8f51f0, 0x000002047f9f75c0,
0x0000020408792ab0, 0x0000020408fef930, 0x0000020408ff07a0
}

Java Threads: ( => current thread )
  0x0000020460214000 JavaThread "main" [_thread_blocked, id=1140, stack(0x0000001e40400000,0x0000001e40500000)]
  0x000002047e731600 JavaThread "Reference Handler" daemon [_thread_blocked, id=19116, stack(0x0000001e40b00000,0x0000001e40c00000)]
  0x000002047e732b20 JavaThread "Finalizer" daemon [_thread_blocked, id=16220, stack(0x0000001e40c00000,0x0000001e40d00000)]
  0x000002047e745e60 JavaThread "Signal Dispatcher" daemon [_thread_blocked, id=2056, stack(0x0000001e40d00000,0x0000001e40e00000)]
  0x000002047e749740 JavaThread "Attach Listener" daemon [_thread_blocked, id=10116, stack(0x0000001e40e00000,0x0000001e40f00000)]
  0x000002047e74c7b0 JavaThread "Service Thread" daemon [_thread_blocked, id=6912, stack(0x0000001e40f00000,0x0000001e41000000)]
  0x000002047e74fd60 JavaThread "Monitor Deflation Thread" daemon [_thread_blocked, id=17188, stack(0x0000001e41000000,0x0000001e41100000)]
  0x000002047e75ba80 JavaThread "C2 CompilerThread0" daemon [_thread_blocked, id=9712, stack(0x0000001e41100000,0x0000001e41200000)]
  0x000002047e77c050 JavaThread "C1 CompilerThread0" daemon [_thread_blocked, id=1900, stack(0x0000001e41200000,0x0000001e41300000)]
  0x000002047e77e570 JavaThread "Sweeper thread" daemon [_thread_blocked, id=2120, stack(0x0000001e41300000,0x0000001e41400000)]
  0x000002047e7195b0 JavaThread "Common-Cleaner" daemon [_thread_blocked, id=20368, stack(0x0000001e41400000,0x0000001e41500000)]
  0x000002047f22e190 JavaThread "Notification Thread" daemon [_thread_blocked, id=15740, stack(0x0000001e41600000,0x0000001e41700000)]
  0x000002047f2fb970 JavaThread "JavaFX-Launcher" [_thread_blocked, id=6244, stack(0x0000001e41800000,0x0000001e41900000)]
=>0x000002047f892180 JavaThread "QuantumRenderer-0" daemon [_thread_in_native, id=10388, stack(0x0000001e41c00000,0x0000001e41d00000)]
  0x000002047f8f51f0 JavaThread "InvokeLaterDispatcher" daemon [_thread_blocked, id=8408, stack(0x0000001e41e00000,0x0000001e41f00000)]
  0x000002047f9f75c0 JavaThread "JavaFX Application Thread" [_thread_blocked, id=8668, stack(0x0000001e41f00000,0x0000001e42000000)]
  0x0000020408792ab0 JavaThread "Thread-2" daemon [_thread_in_native, id=8112, stack(0x0000001e42000000,0x0000001e42100000)]
  0x0000020408fef930 JavaThread "Prism Font Disposer" daemon [_thread_blocked, id=12392, stack(0x0000001e42500000,0x0000001e42600000)]
  0x0000020408ff07a0 JavaThread "Cleaner-0" daemon [_thread_blocked, id=10460, stack(0x0000001e42600000,0x0000001e42700000)]

Other Threads:
  0x000002047e72b340 VMThread "VM Thread" [stack: 0x0000001e40a00000,0x0000001e40b00000] [id=16716]
  0x000002047f3af970 WatcherThread [stack: 0x0000001e41700000,0x0000001e41800000] [id=944]
  0x000002046027c540 GCTaskThread "GC Thread#0" [stack: 0x0000001e40500000,0x0000001e40600000] [id=19280]
  0x000002047f7107a0 GCTaskThread "GC Thread#1" [stack: 0x0000001e41900000,0x0000001e41a00000] [id=3532]
  0x000002047f710a50 GCTaskThread "GC Thread#2" [stack: 0x0000001e41a00000,0x0000001e41b00000] [id=8580]
  0x000002047f710d00 GCTaskThread "GC Thread#3" [stack: 0x0000001e41b00000,0x0000001e41c00000] [id=2108]
  0x000002046028d380 ConcurrentGCThread "G1 Main Marker" [stack: 0x0000001e40600000,0x0000001e40700000] [id=10368]
  0x000002046028e530 ConcurrentGCThread "G1 Conc#0" [stack: 0x0000001e40700000,0x0000001e40800000] [id=14396]
  0x00000204602ed510 ConcurrentGCThread "G1 Refine#0" [stack: 0x0000001e40800000,0x0000001e40900000] [id=10536]
  0x00000204602ede40 ConcurrentGCThread "G1 Service" [stack: 0x0000001e40900000,0x0000001e40a00000] [id=11772]

Threads with active compile tasks:

VM state: not at safepoint (normal execution)

VM Mutex/Monitor currently owned by a thread: None

Heap address: 0x0000000701000000, size: 4080 MB, Compressed Oops mode: Zero based, Oop shift amount: 3

CDS archive(s) mapped at: [0x0000000800000000-0x0000000800bd0000-0x0000000800bd0000), size 12386304, SharedBaseAddress: 0x0000000800000000, ArchiveRelocationMode: 0.
Compressed class space mapped at: 0x0000000800c00000-0x0000000840c00000, reserved size: 1073741824
Narrow klass base: 0x0000000800000000, Narrow klass shift: 0, Narrow klass range: 0x100000000

GC Precious Log:
 CPUs: 4 total, 4 available
 Memory: 16314M
 Large Page Support: Disabled
 NUMA Support: Disabled
 Compressed Oops: Enabled (Zero based)
 Heap Region Size: 2M
 Heap Min Capacity: 8M
 Heap Initial Capacity: 256M
 Heap Max Capacity: 4080M
 Pre-touch: Disabled
 Parallel Workers: 4
 Concurrent Workers: 1
 Concurrent Refinement Workers: 4
 Periodic GC: Disabled

Heap:
 garbage-first heap   total 262144K, used 61065K [0x0000000701000000, 0x0000000800000000)
  region size 2048K, 18 young (36864K), 2 survivors (4096K)
 Metaspace       used 13406K, committed 13632K, reserved 1064960K
  class space    used 1869K, committed 1984K, reserved 1048576K

Heap Regions: E=young(eden), S=young(survivor), O=old, HS=humongous(starts), HC=humongous(continues), CS=collection set, F=free, OA=open archive, CA=closed archive, TAMS=top-at-mark-start (previous, next)
|   0|0x0000000701000000, 0x0000000701200000, 0x0000000701200000|100%|HS|  |TAMS 0x0000000701000000, 0x0000000701000000| Complete 
|   1|0x0000000701200000, 0x0000000701400000, 0x0000000701400000|100%|HS|  |TAMS 0x0000000701200000, 0x0000000701200000| Complete 
|   2|0x0000000701400000, 0x0000000701600000, 0x0000000701600000|100%|HC|  |TAMS 0x0000000701400000, 0x0000000701400000| Complete 
|   3|0x0000000701600000, 0x0000000701800000, 0x0000000701800000|100%|HS|  |TAMS 0x0000000701600000, 0x0000000701600000| Complete 
|   4|0x0000000701800000, 0x0000000701a00000, 0x0000000701a00000|100%|HS|  |TAMS 0x0000000701800000, 0x0000000701800000| Complete 
|   5|0x0000000701a00000, 0x0000000701c00000, 0x0000000701c00000|100%|HS|  |TAMS 0x0000000701a00000, 0x0000000701a00000| Complete 
|   6|0x0000000701c00000, 0x0000000701e00000, 0x0000000701e00000|100%|HS|  |TAMS 0x0000000701c00000, 0x0000000701c00000| Complete 
|   7|0x0000000701e00000, 0x0000000702000000, 0x0000000702000000|100%|HC|  |TAMS 0x0000000701e00000, 0x0000000701e00000| Complete 
|   8|0x0000000702000000, 0x0000000702200000, 0x0000000702200000|100%|HS|  |TAMS 0x0000000702000000, 0x0000000702000000| Complete 
|   9|0x0000000702200000, 0x0000000702400000, 0x0000000702400000|100%|HS|  |TAMS 0x0000000702200000, 0x0000000702200000| Complete 
|  10|0x0000000702400000, 0x0000000702600000, 0x0000000702600000|100%|HS|  |TAMS 0x0000000702400000, 0x0000000702400000| Complete 
|  11|0x0000000702600000, 0x0000000702800000, 0x0000000702800000|100%|HS|  |TAMS 0x0000000702600000, 0x0000000702600000| Complete 
|  12|0x0000000702800000, 0x0000000702a00000, 0x0000000702a00000|100%|HC|  |TAMS 0x0000000702800000, 0x0000000702800000| Complete 
|  13|0x0000000702a00000, 0x0000000702c00000, 0x0000000702c00000|100%|HS|  |TAMS 0x0000000702a00000, 0x0000000702a00000| Complete 
|  14|0x0000000702c00000, 0x0000000702c00000, 0x0000000702e00000|  0%| F|  |TAMS 0x0000000702c00000, 0x0000000702c00000| Untracked 
|  15|0x0000000702e00000, 0x0000000702e00000, 0x0000000703000000|  0%| F|  |TAMS 0x0000000702e00000, 0x0000000702e00000| Untracked 
|  16|0x0000000703000000, 0x0000000703000000, 0x0000000703200000|  0%| F|  |TAMS 0x0000000703000000, 0x0000000703000000| Untracked 
|  17|0x0000000703200000, 0x0000000703200000, 0x0000000703400000|  0%| F|  |TAMS 0x0000000703200000, 0x0000000703200000| Untracked 
|  18|0x0000000703400000, 0x0000000703400000, 0x0000000703600000|  0%| F|  |TAMS 0x0000000703400000, 0x0000000703400000| Untracked 
|  19|0x0000000703600000, 0x0000000703600000, 0x0000000703800000|  0%| F|  |TAMS 0x0000000703600000, 0x0000000703600000| Untracked 
|  20|0x0000000703800000, 0x0000000703800000, 0x0000000703a00000|  0%| F|  |TAMS 0x0000000703800000, 0x0000000703800000| Untracked 
|  21|0x0000000703a00000, 0x0000000703a00000, 0x0000000703c00000|  0%| F|  |TAMS 0x0000000703a00000, 0x0000000703a00000| Untracked 
|  22|0x0000000703c00000, 0x0000000703c00000, 0x0000000703e00000|  0%| F|  |TAMS 0x0000000703c00000, 0x0000000703c00000| Untracked 
|  23|0x0000000703e00000, 0x0000000703e00000, 0x0000000704000000|  0%| F|  |TAMS 0x0000000703e00000, 0x0000000703e00000| Untracked 
|  24|0x0000000704000000, 0x0000000704000000, 0x0000000704200000|  0%| F|  |TAMS 0x0000000704000000, 0x0000000704000000| Untracked 
|  25|0x0000000704200000, 0x0000000704200000, 0x0000000704400000|  0%| F|  |TAMS 0x0000000704200000, 0x0000000704200000| Untracked 
|  26|0x0000000704400000, 0x0000000704400000, 0x0000000704600000|  0%| F|  |TAMS 0x0000000704400000, 0x0000000704400000| Untracked 
|  27|0x0000000704600000, 0x0000000704600000, 0x0000000704800000|  0%| F|  |TAMS 0x0000000704600000, 0x0000000704600000| Untracked 
|  28|0x0000000704800000, 0x0000000704800000, 0x0000000704a00000|  0%| F|  |TAMS 0x0000000704800000, 0x0000000704800000| Untracked 
|  29|0x0000000704a00000, 0x0000000704a00000, 0x0000000704c00000|  0%| F|  |TAMS 0x0000000704a00000, 0x0000000704a00000| Untracked 
|  30|0x0000000704c00000, 0x0000000704c00000, 0x0000000704e00000|  0%| F|  |TAMS 0x0000000704c00000, 0x0000000704c00000| Untracked 
|  31|0x0000000704e00000, 0x0000000704e00000, 0x0000000705000000|  0%| F|  |TAMS 0x0000000704e00000, 0x0000000704e00000| Untracked 
|  32|0x0000000705000000, 0x0000000705000000, 0x0000000705200000|  0%| F|  |TAMS 0x0000000705000000, 0x0000000705000000| Untracked 
|  33|0x0000000705200000, 0x0000000705200000, 0x0000000705400000|  0%| F|  |TAMS 0x0000000705200000, 0x0000000705200000| Untracked 
|  34|0x0000000705400000, 0x0000000705400000, 0x0000000705600000|  0%| F|  |TAMS 0x0000000705400000, 0x0000000705400000| Untracked 
|  35|0x0000000705600000, 0x0000000705600000, 0x0000000705800000|  0%| F|  |TAMS 0x0000000705600000, 0x0000000705600000| Untracked 
|  36|0x0000000705800000, 0x0000000705800000, 0x0000000705a00000|  0%| F|  |TAMS 0x0000000705800000, 0x0000000705800000| Untracked 
|  37|0x0000000705a00000, 0x0000000705a00000, 0x0000000705c00000|  0%| F|  |TAMS 0x0000000705a00000, 0x0000000705a00000| Untracked 
|  38|0x0000000705c00000, 0x0000000705c00000, 0x0000000705e00000|  0%| F|  |TAMS 0x0000000705c00000, 0x0000000705c00000| Untracked 
|  39|0x0000000705e00000, 0x0000000705e00000, 0x0000000706000000|  0%| F|  |TAMS 0x0000000705e00000, 0x0000000705e00000| Untracked 
|  40|0x0000000706000000, 0x0000000706000000, 0x0000000706200000|  0%| F|  |TAMS 0x0000000706000000, 0x0000000706000000| Untracked 
|  41|0x0000000706200000, 0x0000000706200000, 0x0000000706400000|  0%| F|  |TAMS 0x0000000706200000, 0x0000000706200000| Untracked 
|  42|0x0000000706400000, 0x0000000706400000, 0x0000000706600000|  0%| F|  |TAMS 0x0000000706400000, 0x0000000706400000| Untracked 
|  43|0x0000000706600000, 0x0000000706600000, 0x0000000706800000|  0%| F|  |TAMS 0x0000000706600000, 0x0000000706600000| Untracked 
|  44|0x0000000706800000, 0x0000000706800000, 0x0000000706a00000|  0%| F|  |TAMS 0x0000000706800000, 0x0000000706800000| Untracked 
|  45|0x0000000706a00000, 0x0000000706a00000, 0x0000000706c00000|  0%| F|  |TAMS 0x0000000706a00000, 0x0000000706a00000| Untracked 
|  46|0x0000000706c00000, 0x0000000706c00000, 0x0000000706e00000|  0%| F|  |TAMS 0x0000000706c00000, 0x0000000706c00000| Untracked 
|  47|0x0000000706e00000, 0x0000000706e00000, 0x0000000707000000|  0%| F|  |TAMS 0x0000000706e00000, 0x0000000706e00000| Untracked 
|  48|0x0000000707000000, 0x0000000707000000, 0x0000000707200000|  0%| F|  |TAMS 0x0000000707000000, 0x0000000707000000| Untracked 
|  49|0x0000000707200000, 0x0000000707200000, 0x0000000707400000|  0%| F|  |TAMS 0x0000000707200000, 0x0000000707200000| Untracked 
|  50|0x0000000707400000, 0x0000000707400000, 0x0000000707600000|  0%| F|  |TAMS 0x0000000707400000, 0x0000000707400000| Untracked 
|  51|0x0000000707600000, 0x0000000707600000, 0x0000000707800000|  0%| F|  |TAMS 0x0000000707600000, 0x0000000707600000| Untracked 
|  52|0x0000000707800000, 0x0000000707800000, 0x0000000707a00000|  0%| F|  |TAMS 0x0000000707800000, 0x0000000707800000| Untracked 
|  53|0x0000000707a00000, 0x0000000707a00000, 0x0000000707c00000|  0%| F|  |TAMS 0x0000000707a00000, 0x0000000707a00000| Untracked 
|  54|0x0000000707c00000, 0x0000000707c00000, 0x0000000707e00000|  0%| F|  |TAMS 0x0000000707c00000, 0x0000000707c00000| Untracked 
|  55|0x0000000707e00000, 0x0000000707e00000, 0x0000000708000000|  0%| F|  |TAMS 0x0000000707e00000, 0x0000000707e00000| Untracked 
|  56|0x0000000708000000, 0x0000000708000000, 0x0000000708200000|  0%| F|  |TAMS 0x0000000708000000, 0x0000000708000000| Untracked 
|  57|0x0000000708200000, 0x0000000708200000, 0x0000000708400000|  0%| F|  |TAMS 0x0000000708200000, 0x0000000708200000| Untracked 
|  58|0x0000000708400000, 0x0000000708400000, 0x0000000708600000|  0%| F|  |TAMS 0x0000000708400000, 0x0000000708400000| Untracked 
|  59|0x0000000708600000, 0x0000000708600000, 0x0000000708800000|  0%| F|  |TAMS 0x0000000708600000, 0x0000000708600000| Untracked 
|  60|0x0000000708800000, 0x0000000708800000, 0x0000000708a00000|  0%| F|  |TAMS 0x0000000708800000, 0x0000000708800000| Untracked 
|  61|0x0000000708a00000, 0x0000000708a00000, 0x0000000708c00000|  0%| F|  |TAMS 0x0000000708a00000, 0x0000000708a00000| Untracked 
|  62|0x0000000708c00000, 0x0000000708c00000, 0x0000000708e00000|  0%| F|  |TAMS 0x0000000708c00000, 0x0000000708c00000| Untracked 
|  63|0x0000000708e00000, 0x0000000708e00000, 0x0000000709000000|  0%| F|  |TAMS 0x0000000708e00000, 0x0000000708e00000| Untracked 
|  64|0x0000000709000000, 0x0000000709000000, 0x0000000709200000|  0%| F|  |TAMS 0x0000000709000000, 0x0000000709000000| Untracked 
|  65|0x0000000709200000, 0x0000000709200000, 0x0000000709400000|  0%| F|  |TAMS 0x0000000709200000, 0x0000000709200000| Untracked 
|  66|0x0000000709400000, 0x0000000709400000, 0x0000000709600000|  0%| F|  |TAMS 0x0000000709400000, 0x0000000709400000| Untracked 
|  67|0x0000000709600000, 0x0000000709600000, 0x0000000709800000|  0%| F|  |TAMS 0x0000000709600000, 0x0000000709600000| Untracked 
|  68|0x0000000709800000, 0x0000000709800000, 0x0000000709a00000|  0%| F|  |TAMS 0x0000000709800000, 0x0000000709800000| Untracked 
|  69|0x0000000709a00000, 0x0000000709a00000, 0x0000000709c00000|  0%| F|  |TAMS 0x0000000709a00000, 0x0000000709a00000| Untracked 
|  70|0x0000000709c00000, 0x0000000709c00000, 0x0000000709e00000|  0%| F|  |TAMS 0x0000000709c00000, 0x0000000709c00000| Untracked 
|  71|0x0000000709e00000, 0x0000000709e00000, 0x000000070a000000|  0%| F|  |TAMS 0x0000000709e00000, 0x0000000709e00000| Untracked 
|  72|0x000000070a000000, 0x000000070a000000, 0x000000070a200000|  0%| F|  |TAMS 0x000000070a000000, 0x000000070a000000| Untracked 
|  73|0x000000070a200000, 0x000000070a200000, 0x000000070a400000|  0%| F|  |TAMS 0x000000070a200000, 0x000000070a200000| Untracked 
|  74|0x000000070a400000, 0x000000070a400000, 0x000000070a600000|  0%| F|  |TAMS 0x000000070a400000, 0x000000070a400000| Untracked 
|  75|0x000000070a600000, 0x000000070a600000, 0x000000070a800000|  0%| F|  |TAMS 0x000000070a600000, 0x000000070a600000| Untracked 
|  76|0x000000070a800000, 0x000000070a800000, 0x000000070aa00000|  0%| F|  |TAMS 0x000000070a800000, 0x000000070a800000| Untracked 
|  77|0x000000070aa00000, 0x000000070aa00000, 0x000000070ac00000|  0%| F|  |TAMS 0x000000070aa00000, 0x000000070aa00000| Untracked 
|  78|0x000000070ac00000, 0x000000070ac00000, 0x000000070ae00000|  0%| F|  |TAMS 0x000000070ac00000, 0x000000070ac00000| Untracked 
|  79|0x000000070ae00000, 0x000000070ae00000, 0x000000070b000000|  0%| F|  |TAMS 0x000000070ae00000, 0x000000070ae00000| Untracked 
|  80|0x000000070b000000, 0x000000070b000000, 0x000000070b200000|  0%| F|  |TAMS 0x000000070b000000, 0x000000070b000000| Untracked 
|  81|0x000000070b200000, 0x000000070b200000, 0x000000070b400000|  0%| F|  |TAMS 0x000000070b200000, 0x000000070b200000| Untracked 
|  82|0x000000070b400000, 0x000000070b400000, 0x000000070b600000|  0%| F|  |TAMS 0x000000070b400000, 0x000000070b400000| Untracked 
|  83|0x000000070b600000, 0x000000070b600000, 0x000000070b800000|  0%| F|  |TAMS 0x000000070b600000, 0x000000070b600000| Untracked 
|  84|0x000000070b800000, 0x000000070b800000, 0x000000070ba00000|  0%| F|  |TAMS 0x000000070b800000, 0x000000070b800000| Untracked 
|  85|0x000000070ba00000, 0x000000070ba00000, 0x000000070bc00000|  0%| F|  |TAMS 0x000000070ba00000, 0x000000070ba00000| Untracked 
|  86|0x000000070bc00000, 0x000000070bc00000, 0x000000070be00000|  0%| F|  |TAMS 0x000000070bc00000, 0x000000070bc00000| Untracked 
|  87|0x000000070be00000, 0x000000070be00000, 0x000000070c000000|  0%| F|  |TAMS 0x000000070be00000, 0x000000070be00000| Untracked 
|  88|0x000000070c000000, 0x000000070c000000, 0x000000070c200000|  0%| F|  |TAMS 0x000000070c000000, 0x000000070c000000| Untracked 
|  89|0x000000070c200000, 0x000000070c200000, 0x000000070c400000|  0%| F|  |TAMS 0x000000070c200000, 0x000000070c200000| Untracked 
|  90|0x000000070c400000, 0x000000070c400000, 0x000000070c600000|  0%| F|  |TAMS 0x000000070c400000, 0x000000070c400000| Untracked 
|  91|0x000000070c600000, 0x000000070c600000, 0x000000070c800000|  0%| F|  |TAMS 0x000000070c600000, 0x000000070c600000| Untracked 
|  92|0x000000070c800000, 0x000000070c800000, 0x000000070ca00000|  0%| F|  |TAMS 0x000000070c800000, 0x000000070c800000| Untracked 
|  93|0x000000070ca00000, 0x000000070ca00000, 0x000000070cc00000|  0%| F|  |TAMS 0x000000070ca00000, 0x000000070ca00000| Untracked 
|  94|0x000000070cc00000, 0x000000070cc00000, 0x000000070ce00000|  0%| F|  |TAMS 0x000000070cc00000, 0x000000070cc00000| Untracked 
|  95|0x000000070ce00000, 0x000000070ce00000, 0x000000070d000000|  0%| F|  |TAMS 0x000000070ce00000, 0x000000070ce00000| Untracked 
|  96|0x000000070d000000, 0x000000070d000000, 0x000000070d200000|  0%| F|  |TAMS 0x000000070d000000, 0x000000070d000000| Untracked 
|  97|0x000000070d200000, 0x000000070d200000, 0x000000070d400000|  0%| F|  |TAMS 0x000000070d200000, 0x000000070d200000| Untracked 
|  98|0x000000070d400000, 0x000000070d400000, 0x000000070d600000|  0%| F|  |TAMS 0x000000070d400000, 0x000000070d400000| Untracked 
|  99|0x000000070d600000, 0x000000070d600000, 0x000000070d800000|  0%| F|  |TAMS 0x000000070d600000, 0x000000070d600000| Untracked 
| 100|0x000000070d800000, 0x000000070d800000, 0x000000070da00000|  0%| F|  |TAMS 0x000000070d800000, 0x000000070d800000| Untracked 
| 101|0x000000070da00000, 0x000000070da00000, 0x000000070dc00000|  0%| F|  |TAMS 0x000000070da00000, 0x000000070da00000| Untracked 
| 102|0x000000070dc00000, 0x000000070dc00000, 0x000000070de00000|  0%| F|  |TAMS 0x000000070dc00000, 0x000000070dc00000| Untracked 
| 103|0x000000070de00000, 0x000000070de00000, 0x000000070e000000|  0%| F|  |TAMS 0x000000070de00000, 0x000000070de00000| Untracked 
| 104|0x000000070e000000, 0x000000070e000000, 0x000000070e200000|  0%| F|  |TAMS 0x000000070e000000, 0x000000070e000000| Untracked 
| 105|0x000000070e200000, 0x000000070e200000, 0x000000070e400000|  0%| F|  |TAMS 0x000000070e200000, 0x000000070e200000| Untracked 
| 106|0x000000070e400000, 0x000000070e400000, 0x000000070e600000|  0%| F|  |TAMS 0x000000070e400000, 0x000000070e400000| Untracked 
| 107|0x000000070e600000, 0x000000070e600000, 0x000000070e800000|  0%| F|  |TAMS 0x000000070e600000, 0x000000070e600000| Untracked 
| 108|0x000000070e800000, 0x000000070e800000, 0x000000070ea00000|  0%| F|  |TAMS 0x000000070e800000, 0x000000070e800000| Untracked 
| 109|0x000000070ea00000, 0x000000070ea00000, 0x000000070ec00000|  0%| F|  |TAMS 0x000000070ea00000, 0x000000070ea00000| Untracked 
| 110|0x000000070ec00000, 0x000000070ed49ee8, 0x000000070ee00000| 64%| E|  |TAMS 0x000000070ec00000, 0x000000070ec00000| Complete 
| 111|0x000000070ee00000, 0x000000070f000000, 0x000000070f000000|100%| E|CS|TAMS 0x000000070ee00000, 0x000000070ee00000| Complete 
| 112|0x000000070f000000, 0x000000070f200000, 0x000000070f200000|100%| E|CS|TAMS 0x000000070f000000, 0x000000070f000000| Complete 
| 113|0x000000070f200000, 0x000000070f400000, 0x000000070f400000|100%| E|CS|TAMS 0x000000070f200000, 0x000000070f200000| Complete 
| 114|0x000000070f400000, 0x000000070f600000, 0x000000070f600000|100%| E|CS|TAMS 0x000000070f400000, 0x000000070f400000| Complete 
| 115|0x000000070f600000, 0x000000070f800000, 0x000000070f800000|100%| E|CS|TAMS 0x000000070f600000, 0x000000070f600000| Complete 
| 116|0x000000070f800000, 0x000000070fa00000, 0x000000070fa00000|100%| E|CS|TAMS 0x000000070f800000, 0x000000070f800000| Complete 
| 117|0x000000070fa00000, 0x000000070fba2580, 0x000000070fc00000| 81%| S|CS|TAMS 0x000000070fa00000, 0x000000070fa00000| Complete 
| 118|0x000000070fc00000, 0x000000070fe00000, 0x000000070fe00000|100%| S|CS|TAMS 0x000000070fc00000, 0x000000070fc00000| Complete 
| 119|0x000000070fe00000, 0x0000000710000000, 0x0000000710000000|100%| E|CS|TAMS 0x000000070fe00000, 0x000000070fe00000| Complete 
| 120|0x0000000710000000, 0x0000000710200000, 0x0000000710200000|100%| E|CS|TAMS 0x0000000710000000, 0x0000000710000000| Complete 
| 121|0x0000000710200000, 0x0000000710400000, 0x0000000710400000|100%| E|CS|TAMS 0x0000000710200000, 0x0000000710200000| Complete 
| 122|0x0000000710400000, 0x0000000710600000, 0x0000000710600000|100%| E|  |TAMS 0x0000000710400000, 0x0000000710400000| Complete 
| 123|0x0000000710600000, 0x0000000710800000, 0x0000000710800000|100%| E|CS|TAMS 0x0000000710600000, 0x0000000710600000| Complete 
| 124|0x0000000710800000, 0x0000000710a00000, 0x0000000710a00000|100%| E|CS|TAMS 0x0000000710800000, 0x0000000710800000| Complete 
| 125|0x0000000710a00000, 0x0000000710c00000, 0x0000000710c00000|100%| E|CS|TAMS 0x0000000710a00000, 0x0000000710a00000| Complete 
| 126|0x0000000710c00000, 0x0000000710e00000, 0x0000000710e00000|100%| E|CS|TAMS 0x0000000710c00000, 0x0000000710c00000| Complete 
| 127|0x0000000710e00000, 0x0000000711000000, 0x0000000711000000|100%| E|CS|TAMS 0x0000000710e00000, 0x0000000710e00000| Complete 

Card table byte_map: [0x0000020477290000,0x0000020477a90000] _byte_map_base: 0x0000020473a88000

Marking Bits (Prev, Next): (CMBitMap*) 0x000002046027cb50, (CMBitMap*) 0x000002046027cb90
 Prev Bits: [0x0000020478290000, 0x000002047c250000)
 Next Bits: [0x0000020400000000, 0x0000020403fc0000)

Polling page: 0x000002045df70000

Metaspace:

Usage:
  Non-class:     11.27 MB used.
      Class:      1.83 MB used.
       Both:     13.09 MB used.

Virtual space:
  Non-class space:       16.00 MB reserved,      11.38 MB ( 71%) committed,  2 nodes.
      Class space:        1.00 GB reserved,       1.94 MB ( <1%) committed,  1 nodes.
             Both:        1.02 GB reserved,      13.31 MB (  1%) committed. 

Chunk freelists:
   Non-Class:  48.00 KB
       Class:  2.00 MB
        Both:  2.05 MB

MaxMetaspaceSize: unlimited
CompressedClassSpaceSize: 1.00 GB
Initial GC threshold: 21.00 MB
Current GC threshold: 21.00 MB
CDS: on
MetaspaceReclaimPolicy: balanced
 - commit_granule_bytes: 65536.
 - commit_granule_words: 8192.
 - virtual_space_node_default_size: 1048576.
 - enlarge_chunks_in_place: 1.
 - new_chunks_are_fully_committed: 0.
 - uncommit_free_chunks: 1.
 - use_allocation_guard: 0.
 - handle_deallocations: 1.


Internal statistics:

num_allocs_failed_limit: 0.
num_arena_births: 182.
num_arena_deaths: 0.
num_vsnodes_births: 3.
num_vsnodes_deaths: 0.
num_space_committed: 213.
num_space_uncommitted: 0.
num_chunks_returned_to_freelist: 0.
num_chunks_taken_from_freelist: 617.
num_chunk_merges: 0.
num_chunk_splits: 426.
num_chunks_enlarged: 335.
num_purges: 0.
num_inconsistent_stats: 0.

CodeHeap 'non-profiled nmethods': size=120000Kb used=887Kb max_used=887Kb free=119112Kb
 bounds [0x000002046f560000, 0x000002046f7d0000, 0x0000020476a90000]
CodeHeap 'profiled nmethods': size=120000Kb used=3977Kb max_used=3977Kb free=116022Kb
 bounds [0x0000020468030000, 0x0000020468420000, 0x000002046f560000]
CodeHeap 'non-nmethods': size=5760Kb used=1411Kb max_used=1457Kb free=4349Kb
 bounds [0x0000020467a90000, 0x0000020467d00000, 0x0000020468030000]
 total_blobs=3000 nmethods=2234 adapters=678
 compilation: enabled
              stopped_count=0, restarted_count=0
 full_count=0

Compilation events (20 events):
Event: 3.405 Thread 0x000002047e77c050 2225       1       com.sun.javafx.geom.transform.BaseTransform::getMyy (2 bytes)
Event: 3.405 Thread 0x000002047e77c050 nmethod 2225 0x000002046f63cb10 code [0x000002046f63ccc0, 0x000002046f63cd98]
Event: 3.405 Thread 0x000002047e77c050 2226       1       com.sun.prism.impl.BaseGraphics::getClipRectNoClone (5 bytes)
Event: 3.405 Thread 0x000002047e77c050 nmethod 2226 0x000002046f63ce10 code [0x000002046f63cfa0, 0x000002046f63d078]
Event: 3.405 Thread 0x000002047e77c050 2228       3       com.sun.prism.impl.BaseTexture::assertLocked (8 bytes)
Event: 3.405 Thread 0x000002047e77c050 nmethod 2228 0x0000020468410310 code [0x00000204684104c0, 0x0000020468410748]
Event: 3.405 Thread 0x000002047e77c050 2227       1       com.sun.prism.impl.BaseTexture::getContentHeight (5 bytes)
Event: 3.405 Thread 0x000002047e77c050 nmethod 2227 0x000002046f63d110 code [0x000002046f63d2a0, 0x000002046f63d378]
Event: 3.405 Thread 0x000002047e77c050 2229       1       com.sun.prism.impl.BaseGraphics::isDepthBuffer (5 bytes)
Event: 3.406 Thread 0x000002047e77c050 nmethod 2229 0x000002046f63d410 code [0x000002046f63d5a0, 0x000002046f63d678]
Event: 3.406 Thread 0x000002047e77c050 2232       3       java.util.AbstractList::listIterator (15 bytes)
Event: 3.406 Thread 0x000002047e77c050 nmethod 2232 0x0000020468410890 code [0x0000020468410a80, 0x00000204684110c8]
Event: 3.406 Thread 0x000002047e77c050 2233       3       java.util.AbstractList::rangeCheckForAdd (26 bytes)
Event: 3.406 Thread 0x000002047e77c050 nmethod 2233 0x0000020468411310 code [0x0000020468411560, 0x0000020468411d88]
Event: 3.406 Thread 0x000002047e77c050 2234       3       java.util.AbstractList$ListItr::<init> (16 bytes)
Event: 3.406 Thread 0x000002047e77c050 nmethod 2234 0x0000020468412090 code [0x0000020468412240, 0x00000204684124f8]
Event: 3.406 Thread 0x000002047e77c050 2230       1       com.sun.prism.impl.BaseGraphics::setDepthTest (6 bytes)
Event: 3.406 Thread 0x000002047e77c050 nmethod 2230 0x000002046f63d710 code [0x000002046f63d8a0, 0x000002046f63d978]
Event: 3.406 Thread 0x000002047e77c050 2231       1       com.sun.javafx.geom.transform.Affine3D::getMzt (5 bytes)
Event: 3.406 Thread 0x000002047e77c050 nmethod 2231 0x000002046f63da10 code [0x000002046f63dba0, 0x000002046f63dc78]

GC Heap History (4 events):
Event: 0.262 GC heap before
{Heap before GC invocations=0 (full 0):
 garbage-first heap   total 262144K, used 10240K [0x0000000701000000, 0x0000000800000000)
  region size 2048K, 6 young (12288K), 0 survivors (0K)
 Metaspace       used 1968K, committed 2112K, reserved 1056768K
  class space    used 200K, committed 256K, reserved 1048576K
}
Event: 0.263 GC heap after
{Heap after GC invocations=1 (full 0):
 garbage-first heap   total 262144K, used 1690K [0x0000000701000000, 0x0000000800000000)
  region size 2048K, 1 young (2048K), 1 survivors (2048K)
 Metaspace       used 1968K, committed 2112K, reserved 1056768K
  class space    used 200K, committed 256K, reserved 1048576K
}
Event: 0.675 GC heap before
{Heap before GC invocations=1 (full 0):
 garbage-first heap   total 262144K, used 16026K [0x0000000701000000, 0x0000000800000000)
  region size 2048K, 9 young (18432K), 1 survivors (2048K)
 Metaspace       used 7425K, committed 7616K, reserved 1056768K
  class space    used 919K, committed 1024K, reserved 1048576K
}
Event: 0.677 GC heap after
{Heap after GC invocations=2 (full 0):
 garbage-first heap   total 262144K, used 3721K [0x0000000701000000, 0x0000000800000000)
  region size 2048K, 2 young (4096K), 2 survivors (4096K)
 Metaspace       used 7425K, committed 7616K, reserved 1056768K
  class space    used 919K, committed 1024K, reserved 1048576K
}

Deoptimization events (20 events):
Event: 1.008 Thread 0x000002047f9f75c0 Uncommon trap: trap_request=0xffffffde fr.pc=0x000002046f572038 relative=0x00000000000001b8
Event: 1.008 Thread 0x000002047f9f75c0 Uncommon trap: reason=class_check action=maybe_recompile pc=0x000002046f572038 method=java.lang.String.equals(Ljava/lang/Object;)Z @ 8 c2
Event: 1.008 Thread 0x000002047f9f75c0 DEOPT PACKING pc=0x000002046f572038 sp=0x0000001e41ffd9a0
Event: 1.008 Thread 0x000002047f9f75c0 DEOPT UNPACKING pc=0x0000020467ae23a3 sp=0x0000001e41ffd948 mode 2
Event: 1.009 Thread 0x000002047f9f75c0 Uncommon trap: trap_request=0xffffffde fr.pc=0x000002046f572038 relative=0x00000000000001b8
Event: 1.009 Thread 0x000002047f9f75c0 Uncommon trap: reason=class_check action=maybe_recompile pc=0x000002046f572038 method=java.lang.String.equals(Ljava/lang/Object;)Z @ 8 c2
Event: 1.009 Thread 0x000002047f9f75c0 DEOPT PACKING pc=0x000002046f572038 sp=0x0000001e41ffd440
Event: 1.009 Thread 0x000002047f9f75c0 DEOPT UNPACKING pc=0x0000020467ae23a3 sp=0x0000001e41ffd3e8 mode 2
Event: 1.149 Thread 0x000002047f892180 Uncommon trap: trap_request=0xffffffde fr.pc=0x000002046f5dbdd8 relative=0x0000000000000798
Event: 1.149 Thread 0x000002047f892180 Uncommon trap: reason=class_check action=maybe_recompile pc=0x000002046f5dbdd8 method=java.io.BufferedInputStream.read1([BII)I @ 39 c2
Event: 1.149 Thread 0x000002047f892180 DEOPT PACKING pc=0x000002046f5dbdd8 sp=0x0000001e41cfd940
Event: 1.149 Thread 0x000002047f892180 DEOPT UNPACKING pc=0x0000020467ae23a3 sp=0x0000001e41cfd8f8 mode 2
Event: 1.149 Thread 0x000002047f892180 Uncommon trap: trap_request=0xffffff45 fr.pc=0x000002046f5dbb00 relative=0x00000000000004c0
Event: 1.149 Thread 0x000002047f892180 Uncommon trap: reason=unstable_if action=reinterpret pc=0x000002046f5dbb00 method=java.io.BufferedInputStream.fill()V @ 189 c2
Event: 1.149 Thread 0x000002047f892180 DEOPT PACKING pc=0x000002046f5dbb00 sp=0x0000001e41cfd940
Event: 1.149 Thread 0x000002047f892180 DEOPT UNPACKING pc=0x0000020467ae23a3 sp=0x0000001e41cfd898 mode 2
Event: 3.400 Thread 0x000002047f9f75c0 Uncommon trap: trap_request=0xffffff45 fr.pc=0x000002046f637cdc relative=0x000000000000005c
Event: 3.400 Thread 0x000002047f9f75c0 Uncommon trap: reason=unstable_if action=reinterpret pc=0x000002046f637cdc method=javafx.scene.Node.updateLocalToParentTransform()V @ 4 c2
Event: 3.400 Thread 0x000002047f9f75c0 DEOPT PACKING pc=0x000002046f637cdc sp=0x0000001e41ffca00
Event: 3.400 Thread 0x000002047f9f75c0 DEOPT UNPACKING pc=0x0000020467ae23a3 sp=0x0000001e41ffc958 mode 2

Classes unloaded (0 events):
No events

Classes redefined (0 events):
No events

Internal exceptions (20 events):
Event: 0.329 Thread 0x000002047f2fb970 Exception <a 'java/lang/NoSuchMethodError'{0x0000000710f67ba8}: 'int java.lang.invoke.DirectMethodHandle$Holder.invokeStaticInit(java.lang.Object, java.lang.Object, java.lang.Object)'> (0x0000000710f67ba8) 
thrown [s\open\src\hotspot\share\interpreter\linkResolver.cpp, line 759]
Event: 0.345 Thread 0x000002047f2fb970 Exception <a 'java/lang/NoSuchMethodError'{0x0000000710ca7b80}: 'java.lang.Object java.lang.invoke.DirectMethodHandle$Holder.newInvokeSpecial(java.lang.Object, java.lang.Object, int, java.lang.Object)'> (0x0000000710ca7b80) 
thrown [s\open\src\hotspot\share\interpreter\linkResolver.cpp, line 759]
Event: 0.345 Thread 0x000002047f2fb970 Exception <a 'java/lang/NoSuchMethodError'{0x0000000710cabcb8}: 'java.lang.Object java.lang.invoke.DirectMethodHandle$Holder.invokeSpecial(java.lang.Object, java.lang.Object, java.lang.Object, int, java.lang.Object)'> (0x0000000710cabcb8) 
thrown [s\open\src\hotspot\share\interpreter\linkResolver.cpp, line 759]
Event: 0.549 Thread 0x000002047f9f75c0 Exception <a 'java/lang/NoSuchMethodError'{0x0000000710b13e70}: 'void java.lang.invoke.DirectMethodHandle$Holder.invokeStaticInit(java.lang.Object)'> (0x0000000710b13e70) 
thrown [s\open\src\hotspot\share\interpreter\linkResolver.cpp, line 759]
Event: 0.550 Thread 0x000002047f2fb970 Exception <a 'java/lang/NoSuchMethodError'{0x0000000710cbca50}: 'void java.lang.invoke.DirectMethodHandle$Holder.invokeStatic(java.lang.Object, java.lang.Object, java.lang.Object, java.lang.Object)'> (0x0000000710cbca50) 
thrown [s\open\src\hotspot\share\interpreter\linkResolver.cpp, line 759]
Event: 0.607 Thread 0x000002047f9f75c0 Exception <a 'java/lang/NoSuchMethodError'{0x00000007104950b8}: 'java.lang.Object java.lang.invoke.DirectMethodHandle$Holder.invokeStaticInit(java.lang.Object, java.lang.Object, java.lang.Object, java.lang.Object)'> (0x00000007104950b8) 
thrown [s\open\src\hotspot\share\interpreter\linkResolver.cpp, line 759]
Event: 0.608 Thread 0x000002047f9f75c0 Exception <a 'java/lang/NullPointerException'{0x00000007104a0d60}> (0x00000007104a0d60) 
thrown [s\open\src\hotspot\share\interpreter\linkResolver.cpp, line 1350]
Event: 0.609 Thread 0x000002047f9f75c0 Exception <a 'java/lang/NoSuchMethodError'{0x00000007104c57b8}: 'void java.lang.invoke.DirectMethodHandle$Holder.invokeSpecial(java.lang.Object, java.lang.Object, java.lang.Object, java.lang.Object, java.lang.Object)'> (0x00000007104c57b8) 
thrown [s\open\src\hotspot\share\interpreter\linkResolver.cpp, line 759]
Event: 0.711 Thread 0x000002047f9f75c0 Exception <a 'java/lang/NoSuchMethodError'{0x0000000710a206e0}: 'void java.lang.invoke.DirectMethodHandle$Holder.invokeStaticInit(java.lang.Object, java.lang.Object)'> (0x0000000710a206e0) 
thrown [s\open\src\hotspot\share\interpreter\linkResolver.cpp, line 759]
Event: 0.929 Thread 0x000002047f9f75c0 Implicit null exception at 0x000002046f5afe60 to 0x000002046f5afefa
Event: 0.933 Thread 0x000002047f9f75c0 Implicit null exception at 0x000002046f5c4994 to 0x000002046f5c4dd0
Event: 0.940 Thread 0x000002047f9f75c0 Implicit null exception at 0x000002046f5c598f to 0x000002046f5c5d94
Event: 1.029 Thread 0x000002047f9f75c0 Exception <a 'java/lang/NoSuchMethodError'{0x000000070f67cba0}: 'java.lang.Object java.lang.invoke.DirectMethodHandle$Holder.invokeInterface(java.lang.Object, java.lang.Object, java.lang.Object)'> (0x000000070f67cba0) 
thrown [s\open\src\hotspot\share\interpreter\linkResolver.cpp, line 759]
Event: 1.029 Thread 0x000002047f9f75c0 Exception <a 'java/lang/IncompatibleClassChangeError'{0x000000070f680528}: Found class java.lang.Object, but interface was expected> (0x000000070f680528) 
thrown [s\open\src\hotspot\share\interpreter\linkResolver.cpp, line 826]
Event: 1.052 Thread 0x000002047f9f75c0 Exception <a 'java/lang/ClassNotFoundException'{0x000000070f7c62f0}: com/sun/javafx/scene/control/skin/resources/controls> (0x000000070f7c62f0) 
thrown [s\open\src\hotspot\share\prims\jni.cpp, line 535]
Event: 1.053 Thread 0x000002047f9f75c0 Exception <a 'java/lang/ClassNotFoundException'{0x000000070f7d3df0}: com/sun/javafx/scene/control/skin/resources/controls_es> (0x000000070f7d3df0) 
thrown [s\open\src\hotspot\share\prims\jni.cpp, line 535]
Event: 1.053 Thread 0x000002047f9f75c0 Exception <a 'java/lang/ClassNotFoundException'{0x000000070f7e15b0}: com/sun/javafx/scene/control/skin/resources/controls_es_ES> (0x000000070f7e15b0) 
thrown [s\open\src\hotspot\share\prims\jni.cpp, line 535]
Event: 1.079 Thread 0x000002047f9f75c0 Exception <a 'java/lang/NoSuchMethodError'{0x000000070f5a4558}: 'int java.lang.invoke.DirectMethodHandle$Holder.invokeSpecial(java.lang.Object, java.lang.Object, int)'> (0x000000070f5a4558) 
thrown [s\open\src\hotspot\share\interpreter\linkResolver.cpp, line 759]
Event: 1.111 Thread 0x000002047f9f75c0 Exception <a 'java/lang/NoSuchMethodError'{0x000000070f336140}: 'java.lang.Object java.lang.invoke.DirectMethodHandle$Holder.newInvokeSpecial(java.lang.Object, java.lang.Object, int)'> (0x000000070f336140) 
thrown [s\open\src\hotspot\share\interpreter\linkResolver.cpp, line 759]
Event: 1.139 Thread 0x000002047f892180 Exception <a 'java/lang/NoSuchMethodError'{0x000000070ee1a5e8}: 'int java.lang.invoke.DirectMethodHandle$Holder.invokeStaticInit(java.lang.Object, java.lang.Object)'> (0x000000070ee1a5e8) 
thrown [s\open\src\hotspot\share\interpreter\linkResolver.cpp, line 759]

VM Operations (20 events):
Event: 0.337 Executing VM operation: HandshakeAllThreads
Event: 0.337 Executing VM operation: HandshakeAllThreads done
Event: 0.670 Executing VM operation: HandshakeAllThreads
Event: 0.670 Executing VM operation: HandshakeAllThreads done
Event: 0.675 Executing VM operation: G1CollectForAllocation
Event: 0.677 Executing VM operation: G1CollectForAllocation done
Event: 0.720 Executing VM operation: HandshakeAllThreads
Event: 0.720 Executing VM operation: HandshakeAllThreads done
Event: 0.746 Executing VM operation: HandshakeAllThreads
Event: 0.746 Executing VM operation: HandshakeAllThreads done
Event: 0.911 Executing VM operation: HandshakeAllThreads
Event: 0.911 Executing VM operation: HandshakeAllThreads done
Event: 1.029 Executing VM operation: ICBufferFull
Event: 1.029 Executing VM operation: ICBufferFull done
Event: 1.725 Executing VM operation: ICBufferFull
Event: 1.725 Executing VM operation: ICBufferFull done
Event: 1.744 Executing VM operation: HandshakeAllThreads
Event: 1.744 Executing VM operation: HandshakeAllThreads done
Event: 2.743 Executing VM operation: Cleanup
Event: 2.744 Executing VM operation: Cleanup done

Events (20 events):
Event: 1.159 loading class java/util/concurrent/ConcurrentLinkedQueue$Node
Event: 1.159 loading class java/util/concurrent/ConcurrentLinkedQueue$Node done
Event: 1.160 loading class jdk/internal/ref/CleanerImpl$InnocuousThreadFactory
Event: 1.160 loading class jdk/internal/ref/CleanerImpl$InnocuousThreadFactory done
Event: 1.160 Thread 0x0000020408ff07a0 Thread added: 0x0000020408ff07a0
Event: 1.162 loading class jdk/internal/math/FDBigInteger
Event: 1.163 loading class jdk/internal/math/FDBigInteger done
Event: 1.164 loading class sun/misc/Unsafe
Event: 1.164 loading class sun/misc/Unsafe done
Event: 1.164 loading class jdk/internal/reflect/UnsafeQualifiedStaticObjectFieldAccessorImpl
Event: 1.164 loading class jdk/internal/reflect/UnsafeQualifiedStaticFieldAccessorImpl
Event: 1.164 loading class jdk/internal/reflect/UnsafeQualifiedStaticFieldAccessorImpl done
Event: 1.164 loading class jdk/internal/reflect/UnsafeQualifiedStaticObjectFieldAccessorImpl done
Event: 1.176 loading class java/nio/ShortBuffer
Event: 1.176 loading class java/nio/ShortBuffer done
Event: 1.176 loading class java/nio/DoubleBuffer
Event: 1.176 loading class java/nio/DoubleBuffer done
Event: 1.176 loading class java/nio/DirectFloatBufferU
Event: 1.176 loading class java/nio/DirectFloatBufferU done
Event: 1.464 Thread 0x00000204088d15a0 Thread exited: 0x00000204088d15a0


Dynamic libraries:
0x00007ff70e5f0000 - 0x00007ff70e600000 	C:\Program Files\Java\jdk-17.0.5\bin\java.exe
0x00007ff9f1fb0000 - 0x00007ff9f21a8000 	C:\WINDOWS\SYSTEM32\ntdll.dll
0x00007ff9f0e50000 - 0x00007ff9f0f0d000 	C:\WINDOWS\System32\KERNEL32.DLL
0x00007ff9efd30000 - 0x00007ff9f0002000 	C:\WINDOWS\System32\KERNELBASE.dll
0x00007ff9efb80000 - 0x00007ff9efc80000 	C:\WINDOWS\System32\ucrtbase.dll
0x00007ff9e9630000 - 0x00007ff9e9648000 	C:\Program Files\Java\jdk-17.0.5\bin\jli.dll
0x00007ff9e95c0000 - 0x00007ff9e95da000 	C:\Program Files\Java\jdk-17.0.5\bin\VCRUNTIME140.dll
0x00007ff9f0fa0000 - 0x00007ff9f104e000 	C:\WINDOWS\System32\ADVAPI32.dll
0x00007ff9f0db0000 - 0x00007ff9f0e4e000 	C:\WINDOWS\System32\msvcrt.dll
0x00007ff9f0010000 - 0x00007ff9f00ac000 	C:\WINDOWS\System32\sechost.dll
0x00007ff9f1620000 - 0x00007ff9f1745000 	C:\WINDOWS\System32\RPCRT4.dll
0x00007ff9f1810000 - 0x00007ff9f19ad000 	C:\WINDOWS\System32\USER32.dll
0x00007ff9d8210000 - 0x00007ff9d84aa000 	C:\WINDOWS\WinSxS\amd64_microsoft.windows.common-controls_6595b64144ccf1df_6.0.19041.1110_none_60b5254171f9507e\COMCTL32.dll
0x00007ff9ef8b0000 - 0x00007ff9ef8d2000 	C:\WINDOWS\System32\win32u.dll
0x00007ff9f0b60000 - 0x00007ff9f0b8b000 	C:\WINDOWS\System32\GDI32.dll
0x00007ff9ef9d0000 - 0x00007ff9efadf000 	C:\WINDOWS\System32\gdi32full.dll
0x00007ff9e7710000 - 0x00007ff9e771a000 	C:\WINDOWS\SYSTEM32\VERSION.dll
0x00007ff9efae0000 - 0x00007ff9efb7d000 	C:\WINDOWS\System32\msvcp_win.dll
0x00007ff9f15e0000 - 0x00007ff9f1610000 	C:\WINDOWS\System32\IMM32.DLL
0x00007ff9e9d80000 - 0x00007ff9e9d8c000 	C:\Program Files\Java\jdk-17.0.5\bin\vcruntime140_1.dll
0x00007ff9da310000 - 0x00007ff9da39d000 	C:\Program Files\Java\jdk-17.0.5\bin\msvcp140.dll
0x00007ff941e90000 - 0x00007ff942a52000 	C:\Program Files\Java\jdk-17.0.5\bin\server\jvm.dll
0x00007ff9f1800000 - 0x00007ff9f1808000 	C:\WINDOWS\System32\PSAPI.DLL
0x00007ff9e4930000 - 0x00007ff9e4957000 	C:\WINDOWS\SYSTEM32\WINMM.dll
0x00007ff9d5b50000 - 0x00007ff9d5b59000 	C:\WINDOWS\SYSTEM32\WSOCK32.dll
0x00007ff9f1ea0000 - 0x00007ff9f1f0b000 	C:\WINDOWS\System32\WS2_32.dll
0x00007ff9edf30000 - 0x00007ff9edf42000 	C:\WINDOWS\SYSTEM32\kernel.appcore.dll
0x00007ff9e9530000 - 0x00007ff9e953a000 	C:\Program Files\Java\jdk-17.0.5\bin\jimage.dll
0x00007ff9edd10000 - 0x00007ff9edef4000 	C:\WINDOWS\SYSTEM32\DBGHELP.DLL
0x00007ff9e0820000 - 0x00007ff9e084c000 	C:\WINDOWS\SYSTEM32\dbgcore.DLL
0x00007ff9ef820000 - 0x00007ff9ef8a2000 	C:\WINDOWS\System32\bcryptPrimitives.dll
0x00007ff9e9590000 - 0x00007ff9e95b5000 	C:\Program Files\Java\jdk-17.0.5\bin\java.dll
0x00007ff9c8ed0000 - 0x00007ff9c8fa6000 	C:\Program Files\Java\jdk-17.0.5\bin\jsvml.dll
0x00007ff9f00b0000 - 0x00007ff9f07f3000 	C:\WINDOWS\System32\SHELL32.dll
0x00007ff9ed320000 - 0x00007ff9edab1000 	C:\WINDOWS\SYSTEM32\windows.storage.dll
0x00007ff9f0800000 - 0x00007ff9f0b54000 	C:\WINDOWS\System32\combase.dll
0x00007ff9ef120000 - 0x00007ff9ef150000 	C:\WINDOWS\SYSTEM32\Wldp.dll
0x00007ff9f1750000 - 0x00007ff9f17fd000 	C:\WINDOWS\System32\SHCORE.dll
0x00007ff9f1dc0000 - 0x00007ff9f1e15000 	C:\WINDOWS\System32\shlwapi.dll
0x00007ff9ef600000 - 0x00007ff9ef61f000 	C:\WINDOWS\SYSTEM32\profapi.dll
0x00007ff9e9510000 - 0x00007ff9e9529000 	C:\Program Files\Java\jdk-17.0.5\bin\net.dll
0x00007ff9e55c0000 - 0x00007ff9e56cd000 	C:\WINDOWS\SYSTEM32\WINHTTP.dll
0x00007ff9eee80000 - 0x00007ff9eeeea000 	C:\WINDOWS\system32\mswsock.dll
0x00007ff9e8680000 - 0x00007ff9e8696000 	C:\Program Files\Java\jdk-17.0.5\bin\nio.dll
0x00007ff9e8660000 - 0x00007ff9e8678000 	C:\Program Files\Java\jdk-17.0.5\bin\zip.dll
0x000002045e1d0000 - 0x000002045e1d3000 	C:\Users\Ivan\.openjfx\cache\16\api-ms-win-core-console-l1-1-0.dll
0x000002045e1e0000 - 0x000002045e1e3000 	C:\Users\Ivan\.openjfx\cache\16\api-ms-win-core-console-l1-2-0.dll
0x000002045e1f0000 - 0x000002045e1f3000 	C:\Users\Ivan\.openjfx\cache\16\api-ms-win-core-datetime-l1-1-0.dll
0x000002045e200000 - 0x000002045e203000 	C:\Users\Ivan\.openjfx\cache\16\api-ms-win-core-debug-l1-1-0.dll
0x000002045e210000 - 0x000002045e213000 	C:\Users\Ivan\.openjfx\cache\16\api-ms-win-core-errorhandling-l1-1-0.dll
0x000002045e220000 - 0x000002045e224000 	C:\Users\Ivan\.openjfx\cache\16\api-ms-win-core-file-l1-1-0.dll
0x000002045e230000 - 0x000002045e233000 	C:\Users\Ivan\.openjfx\cache\16\api-ms-win-core-file-l1-2-0.dll
0x0000020460120000 - 0x0000020460123000 	C:\Users\Ivan\.openjfx\cache\16\api-ms-win-core-file-l2-1-0.dll
0x0000020460130000 - 0x0000020460133000 	C:\Users\Ivan\.openjfx\cache\16\api-ms-win-core-handle-l1-1-0.dll
0x0000020460140000 - 0x0000020460143000 	C:\Users\Ivan\.openjfx\cache\16\api-ms-win-core-heap-l1-1-0.dll
0x0000020460150000 - 0x0000020460153000 	C:\Users\Ivan\.openjfx\cache\16\api-ms-win-core-interlocked-l1-1-0.dll
0x0000020460160000 - 0x0000020460163000 	C:\Users\Ivan\.openjfx\cache\16\api-ms-win-core-libraryloader-l1-1-0.dll
0x0000020460170000 - 0x0000020460173000 	C:\Users\Ivan\.openjfx\cache\16\api-ms-win-core-localization-l1-2-0.dll
0x0000020460180000 - 0x0000020460183000 	C:\Users\Ivan\.openjfx\cache\16\api-ms-win-core-memory-l1-1-0.dll
0x0000020460190000 - 0x0000020460193000 	C:\Users\Ivan\.openjfx\cache\16\api-ms-win-core-namedpipe-l1-1-0.dll
0x00000204601a0000 - 0x00000204601a3000 	C:\Users\Ivan\.openjfx\cache\16\api-ms-win-core-processenvironment-l1-1-0.dll
0x00000204601b0000 - 0x00000204601b3000 	C:\Users\Ivan\.openjfx\cache\16\api-ms-win-core-processthreads-l1-1-0.dll
0x00000204601c0000 - 0x00000204601c3000 	C:\Users\Ivan\.openjfx\cache\16\api-ms-win-core-processthreads-l1-1-1.dll
0x00000204601d0000 - 0x00000204601d3000 	C:\Users\Ivan\.openjfx\cache\16\api-ms-win-core-profile-l1-1-0.dll
0x00000204601e0000 - 0x00000204601e3000 	C:\Users\Ivan\.openjfx\cache\16\api-ms-win-core-rtlsupport-l1-1-0.dll
0x000002047e780000 - 0x000002047e783000 	C:\Users\Ivan\.openjfx\cache\16\api-ms-win-core-string-l1-1-0.dll
0x000002047e790000 - 0x000002047e793000 	C:\Users\Ivan\.openjfx\cache\16\api-ms-win-core-synch-l1-1-0.dll
0x000002047e7a0000 - 0x000002047e7a3000 	C:\Users\Ivan\.openjfx\cache\16\api-ms-win-core-synch-l1-2-0.dll
0x000002047e7b0000 - 0x000002047e7b3000 	C:\Users\Ivan\.openjfx\cache\16\api-ms-win-core-sysinfo-l1-1-0.dll
0x000002047e7c0000 - 0x000002047e7c3000 	C:\Users\Ivan\.openjfx\cache\16\api-ms-win-core-timezone-l1-1-0.dll
0x000002047e7d0000 - 0x000002047e7d3000 	C:\Users\Ivan\.openjfx\cache\16\api-ms-win-core-util-l1-1-0.dll
0x000002047e7e0000 - 0x000002047e7e3000 	C:\Users\Ivan\.openjfx\cache\16\api-ms-win-crt-conio-l1-1-0.dll
0x000002047e7f0000 - 0x000002047e7f4000 	C:\Users\Ivan\.openjfx\cache\16\api-ms-win-crt-convert-l1-1-0.dll
0x000002047fd20000 - 0x000002047fd23000 	C:\Users\Ivan\.openjfx\cache\16\api-ms-win-crt-environment-l1-1-0.dll
0x000002047fd30000 - 0x000002047fd33000 	C:\Users\Ivan\.openjfx\cache\16\api-ms-win-crt-filesystem-l1-1-0.dll
0x000002047fd40000 - 0x000002047fd43000 	C:\Users\Ivan\.openjfx\cache\16\api-ms-win-crt-heap-l1-1-0.dll
0x000002047fd50000 - 0x000002047fd53000 	C:\Users\Ivan\.openjfx\cache\16\api-ms-win-crt-locale-l1-1-0.dll
0x000002047fd60000 - 0x000002047fd65000 	C:\Users\Ivan\.openjfx\cache\16\api-ms-win-crt-math-l1-1-0.dll
0x000002047fd70000 - 0x000002047fd75000 	C:\Users\Ivan\.openjfx\cache\16\api-ms-win-crt-multibyte-l1-1-0.dll
0x000002047fd80000 - 0x000002047fd90000 	C:\Users\Ivan\.openjfx\cache\16\api-ms-win-crt-private-l1-1-0.dll
0x000002047fd90000 - 0x000002047fd93000 	C:\Users\Ivan\.openjfx\cache\16\api-ms-win-crt-process-l1-1-0.dll
0x000002047fda0000 - 0x000002047fda4000 	C:\Users\Ivan\.openjfx\cache\16\api-ms-win-crt-runtime-l1-1-0.dll
0x000002047fdb0000 - 0x000002047fdb4000 	C:\Users\Ivan\.openjfx\cache\16\api-ms-win-crt-stdio-l1-1-0.dll
0x000002047fdc0000 - 0x000002047fdc4000 	C:\Users\Ivan\.openjfx\cache\16\api-ms-win-crt-string-l1-1-0.dll
0x000002047fdd0000 - 0x000002047fdd3000 	C:\Users\Ivan\.openjfx\cache\16\api-ms-win-crt-time-l1-1-0.dll
0x000002047fde0000 - 0x000002047fde3000 	C:\Users\Ivan\.openjfx\cache\16\api-ms-win-crt-utility-l1-1-0.dll
0x00007ff9cf6a0000 - 0x00007ff9cf79c000 	C:\Users\Ivan\.openjfx\cache\16\ucrtbase.dll
0x00007ff9e9570000 - 0x00007ff9e9589000 	C:\Users\Ivan\.openjfx\cache\16\vcruntime140.dll
0x00007ff9e99c0000 - 0x00007ff9e99cc000 	C:\Users\Ivan\.openjfx\cache\16\vcruntime140_1.dll
0x00007ff9c1ea0000 - 0x00007ff9c1f31000 	C:\Users\Ivan\.openjfx\cache\16\msvcp140.dll
0x00007ff9e7cf0000 - 0x00007ff9e7d17000 	C:\Users\Ivan\.openjfx\cache\16\prism_d3d.dll
0x00007ff9e3700000 - 0x00007ff9e38cf000 	C:\WINDOWS\system32\d3d9.dll
0x00007ff9ece50000 - 0x00007ff9ece7f000 	C:\WINDOWS\SYSTEM32\dwmapi.dll
0x00007ff9ecbe0000 - 0x00007ff9ecc7e000 	C:\WINDOWS\system32\uxtheme.dll
0x00007ff9e2d30000 - 0x00007ff9e2dee000 	C:\WINDOWS\System32\DriverStore\FileRepository\nv_dispi.inf_amd64_ade64cd54ec2f9ed\nvldumdx.dll
0x00007ff9ef2b0000 - 0x00007ff9ef2c2000 	C:\WINDOWS\SYSTEM32\msasn1.dll
0x00007ff9e5860000 - 0x00007ff9e5891000 	C:\WINDOWS\SYSTEM32\cryptnet.dll
0x00007ff9ef6c0000 - 0x00007ff9ef816000 	C:\WINDOWS\System32\CRYPT32.dll
0x00007ff9e5710000 - 0x00007ff9e5858000 	C:\WINDOWS\SYSTEM32\drvstore.dll
0x00007ff9ef470000 - 0x00007ff9ef49c000 	C:\WINDOWS\SYSTEM32\devobj.dll
0x00007ff9ef8e0000 - 0x00007ff9ef92e000 	C:\WINDOWS\System32\cfgmgr32.dll
0x00007ff9ef090000 - 0x00007ff9ef09c000 	C:\WINDOWS\SYSTEM32\cryptbase.dll
0x00007ff9ef960000 - 0x00007ff9ef9c9000 	C:\WINDOWS\System32\WINTRUST.DLL
0x00007ff9f1da0000 - 0x00007ff9f1dbd000 	C:\WINDOWS\System32\imagehlp.dll
0x00007ff9ef070000 - 0x00007ff9ef088000 	C:\WINDOWS\SYSTEM32\CRYPTSP.dll
0x00007ff9ee730000 - 0x00007ff9ee764000 	C:\WINDOWS\system32\rsaenh.dll
0x00007ff9ef930000 - 0x00007ff9ef957000 	C:\WINDOWS\System32\bcrypt.dll
0x00007ff98b490000 - 0x00007ff98da99000 	C:\WINDOWS\System32\DriverStore\FileRepository\nv_dispi.inf_amd64_ade64cd54ec2f9ed\nvd3dumx.dll
0x00007ff9e4810000 - 0x00007ff9e4852000 	C:\Users\Ivan\.openjfx\cache\16\glass.dll
0x00007ff9f0cd0000 - 0x00007ff9f0daa000 	C:\WINDOWS\System32\COMDLG32.dll
0x00007ff9f1ac0000 - 0x00007ff9f1bea000 	C:\WINDOWS\System32\ole32.dll
0x00007ff9f0b90000 - 0x00007ff9f0c5d000 	C:\WINDOWS\System32\OLEAUT32.dll
0x0000000180000000 - 0x000000018801a000 	C:\Program Files (x86)\ASUS\GPUTweakIII\GTIII-OSD\x64\GTIII-OSD64-VK.dll
0x00007ff944100000 - 0x00007ff944265000 	C:\WINDOWS\SYSTEM32\vulkan-1.dll
0x00007ff9edf80000 - 0x00007ff9ee073000 	C:\WINDOWS\system32\dxgi.dll
0x00007ff9f14c0000 - 0x00007ff9f15d5000 	C:\WINDOWS\System32\MSCTF.dll
0x00007ff9d8660000 - 0x00007ff9d892f000 	C:\WINDOWS\system32\nvspcap64.dll
0x00007ff9ee850000 - 0x00007ff9ee883000 	C:\WINDOWS\SYSTEM32\ntmarta.dll
0x00007ff9edf50000 - 0x00007ff9edf73000 	C:\WINDOWS\SYSTEM32\gpapi.dll
0x00007ff9e56d0000 - 0x00007ff9e570b000 	C:\WINDOWS\SYSTEM32\dxcore.dll
0x00007ff9e7cd0000 - 0x00007ff9e7ce4000 	C:\Users\Ivan\.openjfx\cache\16\javafx_font.dll
0x00007ff9e47e0000 - 0x00007ff9e480d000 	C:\Users\Ivan\.openjfx\cache\16\javafx_iio.dll
0x00007ff9db380000 - 0x00007ff9db5ff000 	C:\WINDOWS\SYSTEM32\dwrite.dll
0x00007ff9f19b0000 - 0x00007ff9f1a5f000 	C:\WINDOWS\System32\clbcatq.dll
0x00007ff9e7550000 - 0x00007ff9e7704000 	C:\WINDOWS\SYSTEM32\WindowsCodecs.dll
0x00007ff9dc910000 - 0x00007ff9dc94e000 	C:\WINDOWS\system32\dataexchange.dll
0x00007ff9ead30000 - 0x00007ff9eaf93000 	C:\WINDOWS\system32\d3d11.dll
0x00007ff9ebf50000 - 0x00007ff9ec133000 	C:\WINDOWS\system32\dcomp.dll

dbghelp: loaded successfully - version: 4.0.5 - missing functions: none
symbol engine: initialized successfully - sym options: 0x614 - pdb path: .;C:\Program Files\Java\jdk-17.0.5\bin;C:\WINDOWS\SYSTEM32;C:\WINDOWS\WinSxS\amd64_microsoft.windows.common-controls_6595b64144ccf1df_6.0.19041.1110_none_60b5254171f9507e;C:\Program Files\Java\jdk-17.0.5\bin\server;C:\Users\Ivan\.openjfx\cache\16;C:\WINDOWS\System32\DriverStore\FileRepository\nv_dispi.inf_amd64_ade64cd54ec2f9ed;C:\Program Files (x86)\ASUS\GPUTweakIII\GTIII-OSD\x64;C:\Program Files\Common Files\Microsoft Shared\Ink

VM Arguments:
jvm_args: --module-path=C:\Users\Ivan\.m2\repository\org\openjfx\javafx-base\16\javafx-base-16-win.jar;C:\Users\Ivan\.m2\repository\org\openjfx\javafx-base\16\javafx-base-16.jar;C:\Users\Ivan\.m2\repository\org\openjfx\javafx-controls\16\javafx-controls-16-win.jar;C:\Users\Ivan\.m2\repository\org\openjfx\javafx-controls\16\javafx-controls-16.jar;C:\Users\Ivan\.m2\repository\org\openjfx\javafx-fxml\16\javafx-fxml-16-win.jar;C:\Users\Ivan\.m2\repository\org\openjfx\javafx-fxml\16\javafx-fxml-16.jar;C:\Users\Ivan\.m2\repository\org\openjfx\javafx-graphics\16\javafx-graphics-16-win.jar;C:\Users\Ivan\.m2\repository\org\openjfx\javafx-graphics\16\javafx-graphics-16.jar;C:\Users\Ivan\.m2\repository\org\openjfx\javafx-media\16\javafx-media-16-win.jar;C:\Users\Ivan\.m2\repository\org\openjfx\javafx-media\16\javafx-media-16.jar --add-modules=javafx.base,javafx.controls,javafx.fxml,javafx.graphics,javafx.media 
java_command: prac1.main.Main
java_class_path (initial): C:\Users\Ivan\Documents\NetBeansProjects\reproductor\target\classes
Launcher Type: SUN_STANDARD

[Global flags]
     intx CICompilerCount                          = 3                                         {product} {ergonomic}
     uint ConcGCThreads                            = 1                                         {product} {ergonomic}
     uint G1ConcRefinementThreads                  = 4                                         {product} {ergonomic}
   size_t G1HeapRegionSize                         = 2097152                                   {product} {ergonomic}
    uintx GCDrainStackTargetSize                   = 64                                        {product} {ergonomic}
   size_t InitialHeapSize                          = 268435456                                 {product} {ergonomic}
   size_t MarkStackSize                            = 4194304                                   {product} {ergonomic}
   size_t MaxHeapSize                              = 4278190080                                {product} {ergonomic}
   size_t MaxNewSize                               = 2566914048                                {product} {ergonomic}
   size_t MinHeapDeltaBytes                        = 2097152                                   {product} {ergonomic}
   size_t MinHeapSize                              = 8388608                                   {product} {ergonomic}
    uintx NonNMethodCodeHeapSize                   = 5832780                                {pd product} {ergonomic}
    uintx NonProfiledCodeHeapSize                  = 122912730                              {pd product} {ergonomic}
    uintx ProfiledCodeHeapSize                     = 122912730                              {pd product} {ergonomic}
    uintx ReservedCodeCacheSize                    = 251658240                              {pd product} {ergonomic}
     bool SegmentedCodeCache                       = true                                      {product} {ergonomic}
   size_t SoftMaxHeapSize                          = 4278190080                             {manageable} {ergonomic}
     bool UseCompressedClassPointers               = true                           {product lp64_product} {ergonomic}
     bool UseCompressedOops                        = true                           {product lp64_product} {ergonomic}
     bool UseG1GC                                  = true                                      {product} {ergonomic}
     bool UseLargePagesIndividualAllocation        = false                                  {pd product} {ergonomic}

Logging:
Log output configuration:
 #0: stdout all=warning uptime,level,tags
 #1: stderr all=off uptime,level,tags

Environment Variables:
JAVA_HOME=C:\Program Files\Java\jdk-17.0.5
PATH=C:\Program Files (x86)\Common Files\Oracle\Java\javapath;C:\ProgramData\Oracle\Java\javapath;C:\Program Files\Common Files\Oracle\Java\javapath;C:\Program Files (x86)\Common Files\Intel\Shared Libraries\redist\intel64_win\compiler;C:\WINDOWS\system32;C:\WINDOWS;C:\WINDOWS\System32\Wbem;C:\WINDOWS\System32\WindowsPowerShell\v1.0\;C:\WINDOWS\System32\OpenSSH\;C:\Program Files (x86)\NVIDIA Corporation\PhysX\Common;C:\Program Files\NVIDIA Corporation\NVIDIA NvDLISR;C:\Program Files (x86)\Windows Kits\10\Windows Performance Toolkit\;C:\WINDOWS\system32;C:\WINDOWS;C:\WINDOWS\System32\Wbem;C:\WINDOWS\System32\WindowsPowerShell\v1.0\;C:\WINDOWS\System32\OpenSSH\;C:\Java\bin;C:\Java\jre\bin;C:\Java\jre\bin\client;C:\PostgreSQL\8.3\bin;C:\iDempiere\apacheAnt\bin;C:\Program Files\Git\cmd;C:\Program Files\dotnet\;C:\Users\Ivan\AppData\Local\Microsoft\WindowsApps;;C:\Users\Ivan\AppData\Local\Programs\Microsoft VS Code\bin;C:\Users\Ivan\.dotnet\tools
USERNAME=Ivan
OS=Windows_NT
PROCESSOR_IDENTIFIER=Intel64 Family 6 Model 158 Stepping 9, GenuineIntel



---------------  S Y S T E M  ---------------

OS:
 Windows 10 , 64 bit Build 19041 (10.0.19041.1889)
OS uptime: 8 days 3:38 hours

CPU: total 4 (initial active 4) (4 cores per cpu, 1 threads per core) family 6 model 158 stepping 9 microcode 0xb4, cx8, cmov, fxsr, mmx, 3dnowpref, sse, sse2, sse3, ssse3, sse4.1, sse4.2, popcnt, lzcnt, tsc, tscinvbit, avx, avx2, aes, erms, clmul, bmi1, bmi2, rtm, adx, fma, vzeroupper, clflush, clflushopt

Memory: 4k page, system-wide physical 16314M (8574M free)
TotalPageFile size 23738M (AvailPageFile size 5109M)
current process WorkingSet (physical memory assigned to process): 191M, peak: 205M
current process commit charge ("private bytes"): 853M, peak: 853M

vm_info: Java HotSpot(TM) 64-Bit Server VM (17.0.5+9-LTS-191) for windows-amd64 JRE (17.0.5+9-LTS-191), built on Sep 13 2022 17:31:43 by "mach5one" with MS VC++ 16.8 / 16.9 (VS2019)

END.
