#
# A fatal error has been detected by the Java Runtime Environment:
#
#  EXCEPTION_ACCESS_VIOLATION (0xc0000005) at pc=0x00007ff9e3a0d3a3, pid=1820, tid=3416
#
# JRE version: Java(TM) SE Runtime Environment (17.0.5+9) (build 17.0.5+9-LTS-191)
# Java VM: Java HotSpot(TM) 64-Bit Server VM (17.0.5+9-LTS-191, mixed mode, sharing, tiered, compressed oops, compressed class ptrs, g1 gc, windows-amd64)
# Problematic frame:
# C  [d3d9.dll+0x3d3a3]
#
# No core dump will be written. Minidumps are not enabled by default on client versions of Windows
#
# If you would like to submit a bug report, please visit:
#   https://bugreport.java.com/bugreport/crash.jsp
# The crash happened outside the Java Virtual Machine in native code.
# See problematic frame for where to report the bug.
#

---------------  S U M M A R Y ------------

Command Line: --module-path=C:\Users\Ivan\.m2\repository\org\openjfx\javafx-base\16\javafx-base-16-win.jar;C:\Users\Ivan\.m2\repository\org\openjfx\javafx-base\16\javafx-base-16.jar;C:\Users\Ivan\.m2\repository\org\openjfx\javafx-controls\16\javafx-controls-16-win.jar;C:\Users\Ivan\.m2\repository\org\openjfx\javafx-controls\16\javafx-controls-16.jar;C:\Users\Ivan\.m2\repository\org\openjfx\javafx-fxml\16\javafx-fxml-16-win.jar;C:\Users\Ivan\.m2\repository\org\openjfx\javafx-fxml\16\javafx-fxml-16.jar;C:\Users\Ivan\.m2\repository\org\openjfx\javafx-graphics\16\javafx-graphics-16-win.jar;C:\Users\Ivan\.m2\repository\org\openjfx\javafx-graphics\16\javafx-graphics-16.jar;C:\Users\Ivan\.m2\repository\org\openjfx\javafx-media\16\javafx-media-16-win.jar;C:\Users\Ivan\.m2\repository\org\openjfx\javafx-media\16\javafx-media-16.jar --add-modules=javafx.base,javafx.controls,javafx.fxml,javafx.graphics,javafx.media prac1.main.Main

Host: Intel(R) Core(TM) i5-7600K CPU @ 3.80GHz, 4 cores, 15G,  Windows 10 , 64 bit Build 19041 (10.0.19041.1889)
Time: Mon Nov  7 11:50:19 2022 Hora estándar romance elapsed time: 5.297645 seconds (0d 0h 0m 5s)

---------------  T H R E A D  ---------------

Current thread (0x00000296ff8e66f0):  JavaThread "QuantumRenderer-0" daemon [_thread_in_native, id=3416, stack(0x000000ce97300000,0x000000ce97400000)]

Stack: [0x000000ce97300000,0x000000ce97400000],  sp=0x000000ce973fe640,  free space=1017k
Native frames: (J=compiled Java code, j=interpreted, Vv=VM code, C=native code)
C  [d3d9.dll+0x3d3a3]

Java frames: (J=compiled Java code, j=interpreted, Vv=VM code)
j  com.sun.prism.d3d.D3DSwapChain.nPresent(JJ)I+0 javafx.graphics
j  com.sun.prism.d3d.D3DSwapChain.present()Z+16 javafx.graphics
j  com.sun.javafx.tk.quantum.PresentingPainter.run()V+446 javafx.graphics
j  java.util.concurrent.Executors$RunnableAdapter.call()Ljava/lang/Object;+4 java.base@17.0.5
j  java.util.concurrent.FutureTask.runAndReset()Z+44 java.base@17.0.5
j  com.sun.javafx.tk.RenderJob.run()V+1 javafx.graphics
j  java.util.concurrent.ThreadPoolExecutor.runWorker(Ljava/util/concurrent/ThreadPoolExecutor$Worker;)V+92 java.base@17.0.5
j  java.util.concurrent.ThreadPoolExecutor$Worker.run()V+5 java.base@17.0.5
j  com.sun.javafx.tk.quantum.QuantumRenderer$PipelineRunnable.run()V+8 javafx.graphics
j  java.lang.Thread.run()V+11 java.base@17.0.5
v  ~StubRoutines::call_stub

siginfo: EXCEPTION_ACCESS_VIOLATION (0xc0000005), reading address 0x0000000000010174


Register to memory mapping:

RIP=0x00007ff9e3a0d3a3 d3d9.dll
RAX=0x00000000000100e4 is an unknown value
RBX=0x000002968b0a8fe0 points into unknown readable memory: 0x00007ff9e3b27668 | 68 76 b2 e3 f9 7f 00 00
RCX=0x000002968ef8cf38 points into unknown readable memory: 0x00000000000100e4 | e4 00 01 00 00 00 00 00
RDX=0x0 is NULL
RSP=0x000000ce973fe640 is pointing into the stack for thread: 0x00000296ff8e66f0
RBP=0x000000ce973fe770 is pointing into the stack for thread: 0x00000296ff8e66f0
RSI=0x0000000000000001 is an unknown value
RDI=0x000002968ef8cf38 points into unknown readable memory: 0x00000000000100e4 | e4 00 01 00 00 00 00 00
R8 =0x000002968ef8cf38 points into unknown readable memory: 0x00000000000100e4 | e4 00 01 00 00 00 00 00
R9 =0x000002968b002480 points into unknown readable memory: 0x000002968b006a70 | 70 6a 00 8b 96 02 00 00
R10=0x0 is NULL
R11=0x000000ce973fe6f0 is pointing into the stack for thread: 0x00000296ff8e66f0
R12=0x0 is NULL
R13=0x0000000000000004 is an unknown value
R14=0x0000000000000004 is an unknown value
R15=0x0 is NULL


Registers:
RAX=0x00000000000100e4, RBX=0x000002968b0a8fe0, RCX=0x000002968ef8cf38, RDX=0x0000000000000000
RSP=0x000000ce973fe640, RBP=0x000000ce973fe770, RSI=0x0000000000000001, RDI=0x000002968ef8cf38
R8 =0x000002968ef8cf38, R9 =0x000002968b002480, R10=0x0000000000000000, R11=0x000000ce973fe6f0
R12=0x0000000000000000, R13=0x0000000000000004, R14=0x0000000000000004, R15=0x0000000000000000
RIP=0x00007ff9e3a0d3a3, EFLAGS=0x0000000000010202

Top of Stack: (sp=0x000000ce973fe640)
0x000000ce973fe640:   000002968b0a8fe0 00007ff9e3b07db0
0x000000ce973fe650:   000002968b0a8fe0 0000000000000010
0x000000ce973fe660:   0000000000000000 0000000000000000
0x000000ce973fe670:   000002968f273790 0000000000000002
0x000000ce973fe680:   0000000000000000 00007ff9e3a0c450
0x000000ce973fe690:   000002968b0a8fe0 0000001400000105
0x000000ce973fe6a0:   fffffffffffffffe 000002968b837010
0x000000ce973fe6b0:   0000000000000000 0000000000000004
0x000000ce973fe6c0:   0000000000000004 0000000000000000
0x000000ce973fe6d0:   00000601489535cd 000002968b0a8fe0
0x000000ce973fe6e0:   000002968b002480 00007ff9e3a01694
0x000000ce973fe6f0:   0000000000000001 000002968b002480
0x000000ce973fe700:   000000ce973fe770 000002968b0a8fe0
0x000000ce973fe710:   000002968b002480 00007ff9e3b05f88
0x000000ce973fe720:   0000029686629000 000002968b002480
0x000000ce973fe730:   000002968b0a8fe0 00007ff99ddb505e 

Instructions: (pc=0x00007ff9e3a0d3a3)
0x00007ff9e3a0d2a3:   44 0f 45 c9 0f b7 ca 66 41 0b c8 85 c0 66 0f 44
0x00007ff9e3a0d2b3:   ca 0f b7 c1 66 41 85 c8 74 0d 41 85 9a cc 01 00
0x00007ff9e3a0d2c3:   00 0f 85 56 d2 03 00 66 f7 d8 1b c0 41 23 c1 48
0x00007ff9e3a0d2d3:   83 c4 20 5b c3 cc cc cc cc cc cc cc cc 40 53 48
0x00007ff9e3a0d2e3:   83 ec 20 f6 81 d8 40 00 00 20 48 8b d9 75 43 48
0x00007ff9e3a0d2f3:   8b 89 e8 40 00 00 48 8b 01 48 8b 80 e8 02 00 00
0x00007ff9e3a0d303:   ff 15 1f bb 11 00 48 8b 8b e8 40 00 00 48 89 83
0x00007ff9e3a0d313:   28 45 00 00 48 8b 01 48 8b 80 f0 02 00 00 ff 15
0x00007ff9e3a0d323:   01 bb 11 00 48 89 83 30 45 00 00 48 83 c4 20 5b
0x00007ff9e3a0d333:   c3 cc 48 8b 81 58 4c 00 00 8b 88 2c 75 01 00 0f
0x00007ff9e3a0d343:   ba e1 0c 72 17 48 8d 05 f1 52 ff ff 48 89 83 28
0x00007ff9e3a0d353:   45 00 00 48 8d 05 f3 51 ff ff eb c8 0f ba e1 13
0x00007ff9e3a0d363:   0f 82 cb d1 03 00 f7 83 d0 01 00 00 00 02 00 00
0x00007ff9e3a0d373:   74 d3 e9 ba d1 03 00 cc cc cc cc cc cc 48 89 5c
0x00007ff9e3a0d383:   24 08 57 48 83 ec 40 89 54 24 20 49 8b f8 48 8b
0x00007ff9e3a0d393:   d9 4d 85 c0 0f 84 d9 d1 03 00 49 8b 00 49 8b c8
0x00007ff9e3a0d3a3:   48 8b 80 90 00 00 00 ff 15 78 ba 11 00 48 8b cf
0x00007ff9e3a0d3b3:   48 8b 10 48 8b 07 48 89 54 24 28 48 8b 80 90 00
0x00007ff9e3a0d3c3:   00 00 ff 15 5d ba 11 00 8b 48 08 89 4c 24 30 48
0x00007ff9e3a0d3d3:   8b 4b 28 48 8b d7 e8 3a 44 fd ff 48 8b 83 a0 05
0x00007ff9e3a0d3e3:   00 00 48 8d 54 24 20 48 8b 8b 98 05 00 00 48 8b
0x00007ff9e3a0d3f3:   80 f0 01 00 00 ff 15 2a ba 11 00 85 c0 0f 88 80
0x00007ff9e3a0d403:   d1 03 00 48 8b 5c 24 50 48 83 c4 40 5f c3 cc cc
0x00007ff9e3a0d413:   cc cc cc cc cc cc cc cc cc cc cc cc cc 48 89 5c
0x00007ff9e3a0d423:   24 08 48 89 6c 24 10 48 89 74 24 18 57 48 83 ec
0x00007ff9e3a0d433:   20 48 8d 59 08 48 8b e9 48 8b 03 48 8b cb 41 8b
0x00007ff9e3a0d443:   f0 8b fa 48 8b 40 28 ff 15 d8 b9 11 00 3b f8 73
0x00007ff9e3a0d453:   33 48 8b 03 8b d7 48 8b cb 48 8b 40 18 ff 15 c2
0x00007ff9e3a0d463:   b9 11 00 48 83 78 08 00 75 30 48 8b 03 8b d7 48
0x00007ff9e3a0d473:   8b cb 48 8b 40 18 ff 15 a9 b9 11 00 8b 4d 20 89
0x00007ff9e3a0d483:   08 89 7d 20 48 8b 5c 24 30 48 8b 6c 24 38 48 8b
0x00007ff9e3a0d493:   74 24 40 48 83 c4 20 5f c3 cc 85 f6 0f 85 49 d1 


Stack slot to memory mapping:
stack at sp + 0 slots: 0x000002968b0a8fe0 points into unknown readable memory: 0x00007ff9e3b27668 | 68 76 b2 e3 f9 7f 00 00
stack at sp + 1 slots: 0x00007ff9e3b07db0 d3d9.dll
stack at sp + 2 slots: 0x000002968b0a8fe0 points into unknown readable memory: 0x00007ff9e3b27668 | 68 76 b2 e3 f9 7f 00 00
stack at sp + 3 slots: 0x0000000000000010 is an unknown value
stack at sp + 4 slots: 0x0 is NULL
stack at sp + 5 slots: 0x0 is NULL
stack at sp + 6 slots: 0x000002968f273790 points into unknown readable memory: 0x0000000073655243 | 43 52 65 73 00 00 00 00
stack at sp + 7 slots: 0x0000000000000002 is an unknown value


---------------  P R O C E S S  ---------------

Threads class SMR info:
_java_thread_list=0x000002968b876f70, length=19, elements={
0x00000296e270f1e0, 0x00000296fec2e970, 0x00000296fec31f90, 0x00000296fec46900,
0x00000296fec471c0, 0x00000296fec48310, 0x00000296fec4a470, 0x00000296fec50eb0,
0x00000296fec520f0, 0x00000296fec55290, 0x00000296ff8e5880, 0x00000296ff8e7090,
0x00000296ff8e5d50, 0x00000296ff8e66f0, 0x00000296ff8e53b0, 0x00000296ff8e6bc0,
0x000002968b03be20, 0x000002968b035910, 0x000002968b03c2f0
}

Java Threads: ( => current thread )
  0x00000296e270f1e0 JavaThread "main" [_thread_blocked, id=9952, stack(0x000000ce95b00000,0x000000ce95c00000)]
  0x00000296fec2e970 JavaThread "Reference Handler" daemon [_thread_blocked, id=3872, stack(0x000000ce96200000,0x000000ce96300000)]
  0x00000296fec31f90 JavaThread "Finalizer" daemon [_thread_blocked, id=13580, stack(0x000000ce96300000,0x000000ce96400000)]
  0x00000296fec46900 JavaThread "Signal Dispatcher" daemon [_thread_blocked, id=3148, stack(0x000000ce96400000,0x000000ce96500000)]
  0x00000296fec471c0 JavaThread "Attach Listener" daemon [_thread_blocked, id=17696, stack(0x000000ce96500000,0x000000ce96600000)]
  0x00000296fec48310 JavaThread "Service Thread" daemon [_thread_blocked, id=2232, stack(0x000000ce96600000,0x000000ce96700000)]
  0x00000296fec4a470 JavaThread "Monitor Deflation Thread" daemon [_thread_blocked, id=11156, stack(0x000000ce96700000,0x000000ce96800000)]
  0x00000296fec50eb0 JavaThread "C2 CompilerThread0" daemon [_thread_blocked, id=3412, stack(0x000000ce96800000,0x000000ce96900000)]
  0x00000296fec520f0 JavaThread "C1 CompilerThread0" daemon [_thread_blocked, id=1944, stack(0x000000ce96900000,0x000000ce96a00000)]
  0x00000296fec55290 JavaThread "Sweeper thread" daemon [_thread_blocked, id=1700, stack(0x000000ce96a00000,0x000000ce96b00000)]
  0x00000296ff8e5880 JavaThread "Common-Cleaner" daemon [_thread_blocked, id=1952, stack(0x000000ce96b00000,0x000000ce96c00000)]
  0x00000296ff8e7090 JavaThread "Notification Thread" daemon [_thread_blocked, id=2092, stack(0x000000ce96d00000,0x000000ce96e00000)]
  0x00000296ff8e5d50 JavaThread "JavaFX-Launcher" [_thread_blocked, id=4536, stack(0x000000ce96f00000,0x000000ce97000000)]
=>0x00000296ff8e66f0 JavaThread "QuantumRenderer-0" daemon [_thread_in_native, id=3416, stack(0x000000ce97300000,0x000000ce97400000)]
  0x00000296ff8e53b0 JavaThread "InvokeLaterDispatcher" daemon [_thread_blocked, id=7628, stack(0x000000ce97500000,0x000000ce97600000)]
  0x00000296ff8e6bc0 JavaThread "JavaFX Application Thread" [_thread_blocked, id=3576, stack(0x000000ce97600000,0x000000ce97700000)]
  0x000002968b03be20 JavaThread "Thread-2" daemon [_thread_in_native, id=15380, stack(0x000000ce97800000,0x000000ce97900000)]
  0x000002968b035910 JavaThread "Prism Font Disposer" daemon [_thread_blocked, id=15616, stack(0x000000ce97d00000,0x000000ce97e00000)]
  0x000002968b03c2f0 JavaThread "Cleaner-0" daemon [_thread_blocked, id=11488, stack(0x000000ce97e00000,0x000000ce97f00000)]

Other Threads:
  0x00000296fec2b5e0 VMThread "VM Thread" [stack: 0x000000ce96100000,0x000000ce96200000] [id=5552]
  0x00000296ff99edc0 WatcherThread [stack: 0x000000ce96e00000,0x000000ce96f00000] [id=11252]
  0x00000296e277a360 GCTaskThread "GC Thread#0" [stack: 0x000000ce95c00000,0x000000ce95d00000] [id=2192]
  0x000002968642f040 GCTaskThread "GC Thread#1" [stack: 0x000000ce97000000,0x000000ce97100000] [id=12992]
  0x000002968642bc30 GCTaskThread "GC Thread#2" [stack: 0x000000ce97100000,0x000000ce97200000] [id=6704]
  0x0000029686410190 GCTaskThread "GC Thread#3" [stack: 0x000000ce97200000,0x000000ce97300000] [id=17720]
  0x00000296e278c1b0 ConcurrentGCThread "G1 Main Marker" [stack: 0x000000ce95d00000,0x000000ce95e00000] [id=19080]
  0x00000296e278d360 ConcurrentGCThread "G1 Conc#0" [stack: 0x000000ce95e00000,0x000000ce95f00000] [id=2784]
  0x00000296feaf44e0 ConcurrentGCThread "G1 Refine#0" [stack: 0x000000ce95f00000,0x000000ce96000000] [id=15728]
  0x00000296e27ce710 ConcurrentGCThread "G1 Service" [stack: 0x000000ce96000000,0x000000ce96100000] [id=13820]

Threads with active compile tasks:

VM state: not at safepoint (normal execution)

VM Mutex/Monitor currently owned by a thread: None

Heap address: 0x0000000701000000, size: 4080 MB, Compressed Oops mode: Zero based, Oop shift amount: 3

CDS archive(s) mapped at: [0x0000000800000000-0x0000000800bd0000-0x0000000800bd0000), size 12386304, SharedBaseAddress: 0x0000000800000000, ArchiveRelocationMode: 0.
Compressed class space mapped at: 0x0000000800c00000-0x0000000840c00000, reserved size: 1073741824
Narrow klass base: 0x0000000800000000, Narrow klass shift: 0, Narrow klass range: 0x100000000

GC Precious Log:
 CPUs: 4 total, 4 available
 Memory: 16314M
 Large Page Support: Disabled
 NUMA Support: Disabled
 Compressed Oops: Enabled (Zero based)
 Heap Region Size: 2M
 Heap Min Capacity: 8M
 Heap Initial Capacity: 256M
 Heap Max Capacity: 4080M
 Pre-touch: Disabled
 Parallel Workers: 4
 Concurrent Workers: 1
 Concurrent Refinement Workers: 4
 Periodic GC: Disabled

Heap:
 garbage-first heap   total 262144K, used 44648K [0x0000000701000000, 0x0000000800000000)
  region size 2048K, 17 young (34816K), 2 survivors (4096K)
 Metaspace       used 13346K, committed 13568K, reserved 1064960K
  class space    used 1871K, committed 1984K, reserved 1048576K

Heap Regions: E=young(eden), S=young(survivor), O=old, HS=humongous(starts), HC=humongous(continues), CS=collection set, F=free, OA=open archive, CA=closed archive, TAMS=top-at-mark-start (previous, next)
|   0|0x0000000701000000, 0x0000000701200000, 0x0000000701200000|100%|HS|  |TAMS 0x0000000701000000, 0x0000000701000000| Complete 
|   1|0x0000000701200000, 0x0000000701400000, 0x0000000701400000|100%|HC|  |TAMS 0x0000000701200000, 0x0000000701200000| Complete 
|   2|0x0000000701400000, 0x0000000701600000, 0x0000000701600000|100%|HS|  |TAMS 0x0000000701400000, 0x0000000701400000| Complete 
|   3|0x0000000701600000, 0x0000000701800000, 0x0000000701800000|100%|HS|  |TAMS 0x0000000701600000, 0x0000000701600000| Complete 
|   4|0x0000000701800000, 0x0000000701a00000, 0x0000000701a00000|100%|HS|  |TAMS 0x0000000701800000, 0x0000000701800000| Complete 
|   5|0x0000000701a00000, 0x0000000701c00000, 0x0000000701c00000|100%|HC|  |TAMS 0x0000000701a00000, 0x0000000701a00000| Complete 
|   6|0x0000000701c00000, 0x0000000701e00000, 0x0000000701e00000|100%|HS|  |TAMS 0x0000000701c00000, 0x0000000701c00000| Complete 
|   7|0x0000000701e00000, 0x0000000701e00000, 0x0000000702000000|  0%| F|  |TAMS 0x0000000701e00000, 0x0000000701e00000| Untracked 
|   8|0x0000000702000000, 0x0000000702000000, 0x0000000702200000|  0%| F|  |TAMS 0x0000000702000000, 0x0000000702000000| Untracked 
|   9|0x0000000702200000, 0x0000000702200000, 0x0000000702400000|  0%| F|  |TAMS 0x0000000702200000, 0x0000000702200000| Untracked 
|  10|0x0000000702400000, 0x0000000702400000, 0x0000000702600000|  0%| F|  |TAMS 0x0000000702400000, 0x0000000702400000| Untracked 
|  11|0x0000000702600000, 0x0000000702600000, 0x0000000702800000|  0%| F|  |TAMS 0x0000000702600000, 0x0000000702600000| Untracked 
|  12|0x0000000702800000, 0x0000000702800000, 0x0000000702a00000|  0%| F|  |TAMS 0x0000000702800000, 0x0000000702800000| Untracked 
|  13|0x0000000702a00000, 0x0000000702a00000, 0x0000000702c00000|  0%| F|  |TAMS 0x0000000702a00000, 0x0000000702a00000| Untracked 
|  14|0x0000000702c00000, 0x0000000702c00000, 0x0000000702e00000|  0%| F|  |TAMS 0x0000000702c00000, 0x0000000702c00000| Untracked 
|  15|0x0000000702e00000, 0x0000000702e00000, 0x0000000703000000|  0%| F|  |TAMS 0x0000000702e00000, 0x0000000702e00000| Untracked 
|  16|0x0000000703000000, 0x0000000703000000, 0x0000000703200000|  0%| F|  |TAMS 0x0000000703000000, 0x0000000703000000| Untracked 
|  17|0x0000000703200000, 0x0000000703200000, 0x0000000703400000|  0%| F|  |TAMS 0x0000000703200000, 0x0000000703200000| Untracked 
|  18|0x0000000703400000, 0x0000000703400000, 0x0000000703600000|  0%| F|  |TAMS 0x0000000703400000, 0x0000000703400000| Untracked 
|  19|0x0000000703600000, 0x0000000703600000, 0x0000000703800000|  0%| F|  |TAMS 0x0000000703600000, 0x0000000703600000| Untracked 
|  20|0x0000000703800000, 0x0000000703800000, 0x0000000703a00000|  0%| F|  |TAMS 0x0000000703800000, 0x0000000703800000| Untracked 
|  21|0x0000000703a00000, 0x0000000703a00000, 0x0000000703c00000|  0%| F|  |TAMS 0x0000000703a00000, 0x0000000703a00000| Untracked 
|  22|0x0000000703c00000, 0x0000000703c00000, 0x0000000703e00000|  0%| F|  |TAMS 0x0000000703c00000, 0x0000000703c00000| Untracked 
|  23|0x0000000703e00000, 0x0000000703e00000, 0x0000000704000000|  0%| F|  |TAMS 0x0000000703e00000, 0x0000000703e00000| Untracked 
|  24|0x0000000704000000, 0x0000000704000000, 0x0000000704200000|  0%| F|  |TAMS 0x0000000704000000, 0x0000000704000000| Untracked 
|  25|0x0000000704200000, 0x0000000704200000, 0x0000000704400000|  0%| F|  |TAMS 0x0000000704200000, 0x0000000704200000| Untracked 
|  26|0x0000000704400000, 0x0000000704400000, 0x0000000704600000|  0%| F|  |TAMS 0x0000000704400000, 0x0000000704400000| Untracked 
|  27|0x0000000704600000, 0x0000000704600000, 0x0000000704800000|  0%| F|  |TAMS 0x0000000704600000, 0x0000000704600000| Untracked 
|  28|0x0000000704800000, 0x0000000704800000, 0x0000000704a00000|  0%| F|  |TAMS 0x0000000704800000, 0x0000000704800000| Untracked 
|  29|0x0000000704a00000, 0x0000000704a00000, 0x0000000704c00000|  0%| F|  |TAMS 0x0000000704a00000, 0x0000000704a00000| Untracked 
|  30|0x0000000704c00000, 0x0000000704c00000, 0x0000000704e00000|  0%| F|  |TAMS 0x0000000704c00000, 0x0000000704c00000| Untracked 
|  31|0x0000000704e00000, 0x0000000704e00000, 0x0000000705000000|  0%| F|  |TAMS 0x0000000704e00000, 0x0000000704e00000| Untracked 
|  32|0x0000000705000000, 0x0000000705000000, 0x0000000705200000|  0%| F|  |TAMS 0x0000000705000000, 0x0000000705000000| Untracked 
|  33|0x0000000705200000, 0x0000000705200000, 0x0000000705400000|  0%| F|  |TAMS 0x0000000705200000, 0x0000000705200000| Untracked 
|  34|0x0000000705400000, 0x0000000705400000, 0x0000000705600000|  0%| F|  |TAMS 0x0000000705400000, 0x0000000705400000| Untracked 
|  35|0x0000000705600000, 0x0000000705600000, 0x0000000705800000|  0%| F|  |TAMS 0x0000000705600000, 0x0000000705600000| Untracked 
|  36|0x0000000705800000, 0x0000000705800000, 0x0000000705a00000|  0%| F|  |TAMS 0x0000000705800000, 0x0000000705800000| Untracked 
|  37|0x0000000705a00000, 0x0000000705a00000, 0x0000000705c00000|  0%| F|  |TAMS 0x0000000705a00000, 0x0000000705a00000| Untracked 
|  38|0x0000000705c00000, 0x0000000705c00000, 0x0000000705e00000|  0%| F|  |TAMS 0x0000000705c00000, 0x0000000705c00000| Untracked 
|  39|0x0000000705e00000, 0x0000000705e00000, 0x0000000706000000|  0%| F|  |TAMS 0x0000000705e00000, 0x0000000705e00000| Untracked 
|  40|0x0000000706000000, 0x0000000706000000, 0x0000000706200000|  0%| F|  |TAMS 0x0000000706000000, 0x0000000706000000| Untracked 
|  41|0x0000000706200000, 0x0000000706200000, 0x0000000706400000|  0%| F|  |TAMS 0x0000000706200000, 0x0000000706200000| Untracked 
|  42|0x0000000706400000, 0x0000000706400000, 0x0000000706600000|  0%| F|  |TAMS 0x0000000706400000, 0x0000000706400000| Untracked 
|  43|0x0000000706600000, 0x0000000706600000, 0x0000000706800000|  0%| F|  |TAMS 0x0000000706600000, 0x0000000706600000| Untracked 
|  44|0x0000000706800000, 0x0000000706800000, 0x0000000706a00000|  0%| F|  |TAMS 0x0000000706800000, 0x0000000706800000| Untracked 
|  45|0x0000000706a00000, 0x0000000706a00000, 0x0000000706c00000|  0%| F|  |TAMS 0x0000000706a00000, 0x0000000706a00000| Untracked 
|  46|0x0000000706c00000, 0x0000000706c00000, 0x0000000706e00000|  0%| F|  |TAMS 0x0000000706c00000, 0x0000000706c00000| Untracked 
|  47|0x0000000706e00000, 0x0000000706e00000, 0x0000000707000000|  0%| F|  |TAMS 0x0000000706e00000, 0x0000000706e00000| Untracked 
|  48|0x0000000707000000, 0x0000000707000000, 0x0000000707200000|  0%| F|  |TAMS 0x0000000707000000, 0x0000000707000000| Untracked 
|  49|0x0000000707200000, 0x0000000707200000, 0x0000000707400000|  0%| F|  |TAMS 0x0000000707200000, 0x0000000707200000| Untracked 
|  50|0x0000000707400000, 0x0000000707400000, 0x0000000707600000|  0%| F|  |TAMS 0x0000000707400000, 0x0000000707400000| Untracked 
|  51|0x0000000707600000, 0x0000000707600000, 0x0000000707800000|  0%| F|  |TAMS 0x0000000707600000, 0x0000000707600000| Untracked 
|  52|0x0000000707800000, 0x0000000707800000, 0x0000000707a00000|  0%| F|  |TAMS 0x0000000707800000, 0x0000000707800000| Untracked 
|  53|0x0000000707a00000, 0x0000000707a00000, 0x0000000707c00000|  0%| F|  |TAMS 0x0000000707a00000, 0x0000000707a00000| Untracked 
|  54|0x0000000707c00000, 0x0000000707c00000, 0x0000000707e00000|  0%| F|  |TAMS 0x0000000707c00000, 0x0000000707c00000| Untracked 
|  55|0x0000000707e00000, 0x0000000707e00000, 0x0000000708000000|  0%| F|  |TAMS 0x0000000707e00000, 0x0000000707e00000| Untracked 
|  56|0x0000000708000000, 0x0000000708000000, 0x0000000708200000|  0%| F|  |TAMS 0x0000000708000000, 0x0000000708000000| Untracked 
|  57|0x0000000708200000, 0x0000000708200000, 0x0000000708400000|  0%| F|  |TAMS 0x0000000708200000, 0x0000000708200000| Untracked 
|  58|0x0000000708400000, 0x0000000708400000, 0x0000000708600000|  0%| F|  |TAMS 0x0000000708400000, 0x0000000708400000| Untracked 
|  59|0x0000000708600000, 0x0000000708600000, 0x0000000708800000|  0%| F|  |TAMS 0x0000000708600000, 0x0000000708600000| Untracked 
|  60|0x0000000708800000, 0x0000000708800000, 0x0000000708a00000|  0%| F|  |TAMS 0x0000000708800000, 0x0000000708800000| Untracked 
|  61|0x0000000708a00000, 0x0000000708a00000, 0x0000000708c00000|  0%| F|  |TAMS 0x0000000708a00000, 0x0000000708a00000| Untracked 
|  62|0x0000000708c00000, 0x0000000708c00000, 0x0000000708e00000|  0%| F|  |TAMS 0x0000000708c00000, 0x0000000708c00000| Untracked 
|  63|0x0000000708e00000, 0x0000000708e00000, 0x0000000709000000|  0%| F|  |TAMS 0x0000000708e00000, 0x0000000708e00000| Untracked 
|  64|0x0000000709000000, 0x0000000709000000, 0x0000000709200000|  0%| F|  |TAMS 0x0000000709000000, 0x0000000709000000| Untracked 
|  65|0x0000000709200000, 0x0000000709200000, 0x0000000709400000|  0%| F|  |TAMS 0x0000000709200000, 0x0000000709200000| Untracked 
|  66|0x0000000709400000, 0x0000000709400000, 0x0000000709600000|  0%| F|  |TAMS 0x0000000709400000, 0x0000000709400000| Untracked 
|  67|0x0000000709600000, 0x0000000709600000, 0x0000000709800000|  0%| F|  |TAMS 0x0000000709600000, 0x0000000709600000| Untracked 
|  68|0x0000000709800000, 0x0000000709800000, 0x0000000709a00000|  0%| F|  |TAMS 0x0000000709800000, 0x0000000709800000| Untracked 
|  69|0x0000000709a00000, 0x0000000709a00000, 0x0000000709c00000|  0%| F|  |TAMS 0x0000000709a00000, 0x0000000709a00000| Untracked 
|  70|0x0000000709c00000, 0x0000000709c00000, 0x0000000709e00000|  0%| F|  |TAMS 0x0000000709c00000, 0x0000000709c00000| Untracked 
|  71|0x0000000709e00000, 0x0000000709e00000, 0x000000070a000000|  0%| F|  |TAMS 0x0000000709e00000, 0x0000000709e00000| Untracked 
|  72|0x000000070a000000, 0x000000070a000000, 0x000000070a200000|  0%| F|  |TAMS 0x000000070a000000, 0x000000070a000000| Untracked 
|  73|0x000000070a200000, 0x000000070a200000, 0x000000070a400000|  0%| F|  |TAMS 0x000000070a200000, 0x000000070a200000| Untracked 
|  74|0x000000070a400000, 0x000000070a400000, 0x000000070a600000|  0%| F|  |TAMS 0x000000070a400000, 0x000000070a400000| Untracked 
|  75|0x000000070a600000, 0x000000070a600000, 0x000000070a800000|  0%| F|  |TAMS 0x000000070a600000, 0x000000070a600000| Untracked 
|  76|0x000000070a800000, 0x000000070a800000, 0x000000070aa00000|  0%| F|  |TAMS 0x000000070a800000, 0x000000070a800000| Untracked 
|  77|0x000000070aa00000, 0x000000070aa00000, 0x000000070ac00000|  0%| F|  |TAMS 0x000000070aa00000, 0x000000070aa00000| Untracked 
|  78|0x000000070ac00000, 0x000000070ac00000, 0x000000070ae00000|  0%| F|  |TAMS 0x000000070ac00000, 0x000000070ac00000| Untracked 
|  79|0x000000070ae00000, 0x000000070ae00000, 0x000000070b000000|  0%| F|  |TAMS 0x000000070ae00000, 0x000000070ae00000| Untracked 
|  80|0x000000070b000000, 0x000000070b000000, 0x000000070b200000|  0%| F|  |TAMS 0x000000070b000000, 0x000000070b000000| Untracked 
|  81|0x000000070b200000, 0x000000070b200000, 0x000000070b400000|  0%| F|  |TAMS 0x000000070b200000, 0x000000070b200000| Untracked 
|  82|0x000000070b400000, 0x000000070b400000, 0x000000070b600000|  0%| F|  |TAMS 0x000000070b400000, 0x000000070b400000| Untracked 
|  83|0x000000070b600000, 0x000000070b600000, 0x000000070b800000|  0%| F|  |TAMS 0x000000070b600000, 0x000000070b600000| Untracked 
|  84|0x000000070b800000, 0x000000070b800000, 0x000000070ba00000|  0%| F|  |TAMS 0x000000070b800000, 0x000000070b800000| Untracked 
|  85|0x000000070ba00000, 0x000000070ba00000, 0x000000070bc00000|  0%| F|  |TAMS 0x000000070ba00000, 0x000000070ba00000| Untracked 
|  86|0x000000070bc00000, 0x000000070bc00000, 0x000000070be00000|  0%| F|  |TAMS 0x000000070bc00000, 0x000000070bc00000| Untracked 
|  87|0x000000070be00000, 0x000000070be00000, 0x000000070c000000|  0%| F|  |TAMS 0x000000070be00000, 0x000000070be00000| Untracked 
|  88|0x000000070c000000, 0x000000070c000000, 0x000000070c200000|  0%| F|  |TAMS 0x000000070c000000, 0x000000070c000000| Untracked 
|  89|0x000000070c200000, 0x000000070c200000, 0x000000070c400000|  0%| F|  |TAMS 0x000000070c200000, 0x000000070c200000| Untracked 
|  90|0x000000070c400000, 0x000000070c400000, 0x000000070c600000|  0%| F|  |TAMS 0x000000070c400000, 0x000000070c400000| Untracked 
|  91|0x000000070c600000, 0x000000070c600000, 0x000000070c800000|  0%| F|  |TAMS 0x000000070c600000, 0x000000070c600000| Untracked 
|  92|0x000000070c800000, 0x000000070c800000, 0x000000070ca00000|  0%| F|  |TAMS 0x000000070c800000, 0x000000070c800000| Untracked 
|  93|0x000000070ca00000, 0x000000070ca00000, 0x000000070cc00000|  0%| F|  |TAMS 0x000000070ca00000, 0x000000070ca00000| Untracked 
|  94|0x000000070cc00000, 0x000000070cc00000, 0x000000070ce00000|  0%| F|  |TAMS 0x000000070cc00000, 0x000000070cc00000| Untracked 
|  95|0x000000070ce00000, 0x000000070ce00000, 0x000000070d000000|  0%| F|  |TAMS 0x000000070ce00000, 0x000000070ce00000| Untracked 
|  96|0x000000070d000000, 0x000000070d000000, 0x000000070d200000|  0%| F|  |TAMS 0x000000070d000000, 0x000000070d000000| Untracked 
|  97|0x000000070d200000, 0x000000070d200000, 0x000000070d400000|  0%| F|  |TAMS 0x000000070d200000, 0x000000070d200000| Untracked 
|  98|0x000000070d400000, 0x000000070d400000, 0x000000070d600000|  0%| F|  |TAMS 0x000000070d400000, 0x000000070d400000| Untracked 
|  99|0x000000070d600000, 0x000000070d600000, 0x000000070d800000|  0%| F|  |TAMS 0x000000070d600000, 0x000000070d600000| Untracked 
| 100|0x000000070d800000, 0x000000070d800000, 0x000000070da00000|  0%| F|  |TAMS 0x000000070d800000, 0x000000070d800000| Untracked 
| 101|0x000000070da00000, 0x000000070da00000, 0x000000070dc00000|  0%| F|  |TAMS 0x000000070da00000, 0x000000070da00000| Untracked 
| 102|0x000000070dc00000, 0x000000070dc00000, 0x000000070de00000|  0%| F|  |TAMS 0x000000070dc00000, 0x000000070dc00000| Untracked 
| 103|0x000000070de00000, 0x000000070de00000, 0x000000070e000000|  0%| F|  |TAMS 0x000000070de00000, 0x000000070de00000| Untracked 
| 104|0x000000070e000000, 0x000000070e000000, 0x000000070e200000|  0%| F|  |TAMS 0x000000070e000000, 0x000000070e000000| Untracked 
| 105|0x000000070e200000, 0x000000070e200000, 0x000000070e400000|  0%| F|  |TAMS 0x000000070e200000, 0x000000070e200000| Untracked 
| 106|0x000000070e400000, 0x000000070e400000, 0x000000070e600000|  0%| F|  |TAMS 0x000000070e400000, 0x000000070e400000| Untracked 
| 107|0x000000070e600000, 0x000000070e600000, 0x000000070e800000|  0%| F|  |TAMS 0x000000070e600000, 0x000000070e600000| Untracked 
| 108|0x000000070e800000, 0x000000070e800000, 0x000000070ea00000|  0%| F|  |TAMS 0x000000070e800000, 0x000000070e800000| Untracked 
| 109|0x000000070ea00000, 0x000000070ea00000, 0x000000070ec00000|  0%| F|  |TAMS 0x000000070ea00000, 0x000000070ea00000| Untracked 
| 110|0x000000070ec00000, 0x000000070ec00000, 0x000000070ee00000|  0%| F|  |TAMS 0x000000070ec00000, 0x000000070ec00000| Untracked 
| 111|0x000000070ee00000, 0x000000070ef9c4f0, 0x000000070f000000| 80%| E|  |TAMS 0x000000070ee00000, 0x000000070ee00000| Complete 
| 112|0x000000070f000000, 0x000000070f200000, 0x000000070f200000|100%| E|CS|TAMS 0x000000070f000000, 0x000000070f000000| Complete 
| 113|0x000000070f200000, 0x000000070f400000, 0x000000070f400000|100%| E|CS|TAMS 0x000000070f200000, 0x000000070f200000| Complete 
| 114|0x000000070f400000, 0x000000070f600000, 0x000000070f600000|100%| E|CS|TAMS 0x000000070f400000, 0x000000070f400000| Complete 
| 115|0x000000070f600000, 0x000000070f800000, 0x000000070f800000|100%| E|CS|TAMS 0x000000070f600000, 0x000000070f600000| Complete 
| 116|0x000000070f800000, 0x000000070fa00000, 0x000000070fa00000|100%| E|CS|TAMS 0x000000070f800000, 0x000000070f800000| Complete 
| 117|0x000000070fa00000, 0x000000070fb9a240, 0x000000070fc00000| 80%| S|CS|TAMS 0x000000070fa00000, 0x000000070fa00000| Complete 
| 118|0x000000070fc00000, 0x000000070fe00000, 0x000000070fe00000|100%| S|CS|TAMS 0x000000070fc00000, 0x000000070fc00000| Complete 
| 119|0x000000070fe00000, 0x0000000710000000, 0x0000000710000000|100%| E|CS|TAMS 0x000000070fe00000, 0x000000070fe00000| Complete 
| 120|0x0000000710000000, 0x0000000710200000, 0x0000000710200000|100%| E|CS|TAMS 0x0000000710000000, 0x0000000710000000| Complete 
| 121|0x0000000710200000, 0x0000000710400000, 0x0000000710400000|100%| E|CS|TAMS 0x0000000710200000, 0x0000000710200000| Complete 
| 122|0x0000000710400000, 0x0000000710600000, 0x0000000710600000|100%| E|CS|TAMS 0x0000000710400000, 0x0000000710400000| Complete 
| 123|0x0000000710600000, 0x0000000710800000, 0x0000000710800000|100%| E|  |TAMS 0x0000000710600000, 0x0000000710600000| Complete 
| 124|0x0000000710800000, 0x0000000710a00000, 0x0000000710a00000|100%| E|CS|TAMS 0x0000000710800000, 0x0000000710800000| Complete 
| 125|0x0000000710a00000, 0x0000000710c00000, 0x0000000710c00000|100%| E|CS|TAMS 0x0000000710a00000, 0x0000000710a00000| Complete 
| 126|0x0000000710c00000, 0x0000000710e00000, 0x0000000710e00000|100%| E|CS|TAMS 0x0000000710c00000, 0x0000000710c00000| Complete 
| 127|0x0000000710e00000, 0x0000000711000000, 0x0000000711000000|100%| E|CS|TAMS 0x0000000710e00000, 0x0000000710e00000| Complete 

Card table byte_map: [0x00000296f9780000,0x00000296f9f80000] _byte_map_base: 0x00000296f5f78000

Marking Bits (Prev, Next): (CMBitMap*) 0x00000296e277a970, (CMBitMap*) 0x00000296e277a9b0
 Prev Bits: [0x00000296fa780000, 0x00000296fe740000)
 Next Bits: [0x0000029680000000, 0x0000029683fc0000)

Polling page: 0x00000296e0600000

Metaspace:

Usage:
  Non-class:     11.21 MB used.
      Class:      1.83 MB used.
       Both:     13.03 MB used.

Virtual space:
  Non-class space:       16.00 MB reserved,      11.31 MB ( 71%) committed,  2 nodes.
      Class space:        1.00 GB reserved,       1.94 MB ( <1%) committed,  1 nodes.
             Both:        1.02 GB reserved,      13.25 MB (  1%) committed. 

Chunk freelists:
   Non-Class:  80.00 KB
       Class:  2.00 MB
        Both:  2.08 MB

MaxMetaspaceSize: unlimited
CompressedClassSpaceSize: 1.00 GB
Initial GC threshold: 21.00 MB
Current GC threshold: 21.00 MB
CDS: on
MetaspaceReclaimPolicy: balanced
 - commit_granule_bytes: 65536.
 - commit_granule_words: 8192.
 - virtual_space_node_default_size: 1048576.
 - enlarge_chunks_in_place: 1.
 - new_chunks_are_fully_committed: 0.
 - uncommit_free_chunks: 1.
 - use_allocation_guard: 0.
 - handle_deallocations: 1.


Internal statistics:

num_allocs_failed_limit: 0.
num_arena_births: 180.
num_arena_deaths: 0.
num_vsnodes_births: 3.
num_vsnodes_deaths: 0.
num_space_committed: 212.
num_space_uncommitted: 0.
num_chunks_returned_to_freelist: 0.
num_chunks_taken_from_freelist: 614.
num_chunk_merges: 0.
num_chunk_splits: 423.
num_chunks_enlarged: 336.
num_purges: 0.
num_inconsistent_stats: 0.

CodeHeap 'non-profiled nmethods': size=120000Kb used=842Kb max_used=842Kb free=119157Kb
 bounds [0x00000296f1a50000, 0x00000296f1cc0000, 0x00000296f8f80000]
CodeHeap 'profiled nmethods': size=120000Kb used=3857Kb max_used=3857Kb free=116142Kb
 bounds [0x00000296ea520000, 0x00000296ea8f0000, 0x00000296f1a50000]
CodeHeap 'non-nmethods': size=5760Kb used=1410Kb max_used=1428Kb free=4349Kb
 bounds [0x00000296e9f80000, 0x00000296ea1f0000, 0x00000296ea520000]
 total_blobs=2883 nmethods=2117 adapters=678
 compilation: enabled
              stopped_count=0, restarted_count=0
 full_count=0

Compilation events (20 events):
Event: 5.270 Thread 0x00000296fec520f0 2106       3       java.lang.StrictMath::ceil (10 bytes)
Event: 5.270 Thread 0x00000296fec520f0 nmethod 2106 0x00000296ea8e1890 code [0x00000296ea8e1a60, 0x00000296ea8e1b88]
Event: 5.270 Thread 0x00000296fec520f0 2109       1       com.sun.javafx.geom.transform.Translate2D::getMxt (5 bytes)
Event: 5.270 Thread 0x00000296fec520f0 nmethod 2109 0x00000296f1b21a90 code [0x00000296f1b21c20, 0x00000296f1b21cf8]
Event: 5.270 Thread 0x00000296fec520f0 2110       3       java.lang.invoke.MethodHandles$Lookup::getDirectConstructorCommon (69 bytes)
Event: 5.271 Thread 0x00000296fec520f0 nmethod 2110 0x00000296ea8e1c10 code [0x00000296ea8e1e80, 0x00000296ea8e29b8]
Event: 5.271 Thread 0x00000296fec520f0 2111       3       java.lang.invoke.MemberName::asConstructor (58 bytes)
Event: 5.271 Thread 0x00000296fec520f0 nmethod 2111 0x00000296ea8e2d90 code [0x00000296ea8e2fa0, 0x00000296ea8e35c8]
Event: 5.271 Thread 0x00000296fec520f0 2112       1       java.util.concurrent.locks.AbstractQueuedSynchronizer::setState (6 bytes)
Event: 5.271 Thread 0x00000296fec520f0 nmethod 2112 0x00000296f1b21d90 code [0x00000296f1b21f20, 0x00000296f1b21ff8]
Event: 5.272 Thread 0x00000296fec520f0 2113       1       com.sun.javafx.geom.transform.Translate2D::getMyt (5 bytes)
Event: 5.273 Thread 0x00000296fec520f0 nmethod 2113 0x00000296f1b22090 code [0x00000296f1b22220, 0x00000296f1b222f8]
Event: 5.273 Thread 0x00000296fec520f0 2114       3       java.lang.Double::compare (54 bytes)
Event: 5.273 Thread 0x00000296fec520f0 nmethod 2114 0x00000296ea8e3810 code [0x00000296ea8e3a00, 0x00000296ea8e4058]
Event: 5.273 Thread 0x00000296fec520f0 2115       3       com.sun.prism.d3d.D3DContext::validate (45 bytes)
Event: 5.273 Thread 0x00000296fec520f0 nmethod 2115 0x00000296ea8e4190 code [0x00000296ea8e4320, 0x00000296ea8e4418]
Event: 5.273 Thread 0x00000296fec520f0 2116       1       com.sun.prism.impl.BaseGraphics::getTransformNoClone (5 bytes)
Event: 5.273 Thread 0x00000296fec520f0 nmethod 2116 0x00000296f1b22390 code [0x00000296f1b22520, 0x00000296f1b225f8]
Event: 5.273 Thread 0x00000296fec520f0 2117       1       com.sun.prism.impl.BaseGraphics::getRenderTarget (5 bytes)
Event: 5.273 Thread 0x00000296fec520f0 nmethod 2117 0x00000296f1b22690 code [0x00000296f1b22820, 0x00000296f1b228f8]

GC Heap History (4 events):
Event: 0.309 GC heap before
{Heap before GC invocations=0 (full 0):
 garbage-first heap   total 262144K, used 10240K [0x0000000701000000, 0x0000000800000000)
  region size 2048K, 6 young (12288K), 0 survivors (0K)
 Metaspace       used 1969K, committed 2112K, reserved 1056768K
  class space    used 200K, committed 256K, reserved 1048576K
}
Event: 0.311 GC heap after
{Heap after GC invocations=1 (full 0):
 garbage-first heap   total 262144K, used 1682K [0x0000000701000000, 0x0000000800000000)
  region size 2048K, 1 young (2048K), 1 survivors (2048K)
 Metaspace       used 1969K, committed 2112K, reserved 1056768K
  class space    used 200K, committed 256K, reserved 1048576K
}
Event: 0.753 GC heap before
{Heap before GC invocations=1 (full 0):
 garbage-first heap   total 262144K, used 16018K [0x0000000701000000, 0x0000000800000000)
  region size 2048K, 9 young (18432K), 1 survivors (2048K)
 Metaspace       used 7422K, committed 7616K, reserved 1056768K
  class space    used 920K, committed 1024K, reserved 1048576K
}
Event: 0.755 GC heap after
{Heap after GC invocations=2 (full 0):
 garbage-first heap   total 262144K, used 3688K [0x0000000701000000, 0x0000000800000000)
  region size 2048K, 2 young (4096K), 2 survivors (4096K)
 Metaspace       used 7422K, committed 7616K, reserved 1056768K
  class space    used 920K, committed 1024K, reserved 1048576K
}

Deoptimization events (20 events):
Event: 1.187 Thread 0x00000296ff8e6bc0 DEOPT PACKING pc=0x00000296f1a62238 sp=0x000000ce976fd0c0
Event: 1.187 Thread 0x00000296ff8e6bc0 DEOPT UNPACKING pc=0x00000296e9fd23a3 sp=0x000000ce976fd068 mode 2
Event: 1.223 Thread 0x00000296ff8e6bc0 DEOPT PACKING pc=0x00000296ea786cd6 sp=0x000000ce976fc1c0
Event: 1.223 Thread 0x00000296ff8e6bc0 DEOPT UNPACKING pc=0x00000296e9fd2b43 sp=0x000000ce976fb660 mode 0
Event: 1.312 Thread 0x00000296ff8e66f0 Uncommon trap: trap_request=0xffffffde fr.pc=0x00000296f1ad068c relative=0x00000000000007cc
Event: 1.312 Thread 0x00000296ff8e66f0 Uncommon trap: reason=class_check action=maybe_recompile pc=0x00000296f1ad068c method=java.io.BufferedInputStream.read1([BII)I @ 39 c2
Event: 1.312 Thread 0x00000296ff8e66f0 DEOPT PACKING pc=0x00000296f1ad068c sp=0x000000ce973fd3a0
Event: 1.312 Thread 0x00000296ff8e66f0 DEOPT UNPACKING pc=0x00000296e9fd23a3 sp=0x000000ce973fd358 mode 2
Event: 1.312 Thread 0x00000296ff8e66f0 Uncommon trap: trap_request=0xffffff45 fr.pc=0x00000296f1ad0314 relative=0x0000000000000454
Event: 1.312 Thread 0x00000296ff8e66f0 Uncommon trap: reason=unstable_if action=reinterpret pc=0x00000296f1ad0314 method=java.io.BufferedInputStream.read1([BII)I @ 60 c2
Event: 1.312 Thread 0x00000296ff8e66f0 DEOPT PACKING pc=0x00000296f1ad0314 sp=0x000000ce973fd3a0
Event: 1.312 Thread 0x00000296ff8e66f0 DEOPT UNPACKING pc=0x00000296e9fd23a3 sp=0x000000ce973fd370 mode 2
Event: 1.343 Thread 0x00000296ff8e66f0 Uncommon trap: trap_request=0xffffff45 fr.pc=0x00000296f1b0c028 relative=0x0000000000000668
Event: 1.343 Thread 0x00000296ff8e66f0 Uncommon trap: reason=unstable_if action=reinterpret pc=0x00000296f1b0c028 method=java.util.Arrays.equals([Ljava/lang/Object;[Ljava/lang/Object;)Z @ 23 c2
Event: 1.343 Thread 0x00000296ff8e66f0 DEOPT PACKING pc=0x00000296f1b0c028 sp=0x000000ce973fcbb0
Event: 1.343 Thread 0x00000296ff8e66f0 DEOPT UNPACKING pc=0x00000296e9fd23a3 sp=0x000000ce973fca80 mode 2
Event: 5.269 Thread 0x00000296ff8e6bc0 Uncommon trap: trap_request=0xffffff45 fr.pc=0x00000296f1b1d65c relative=0x000000000000005c
Event: 5.269 Thread 0x00000296ff8e6bc0 Uncommon trap: reason=unstable_if action=reinterpret pc=0x00000296f1b1d65c method=javafx.scene.Node.updateLocalToParentTransform()V @ 4 c2
Event: 5.269 Thread 0x00000296ff8e6bc0 DEOPT PACKING pc=0x00000296f1b1d65c sp=0x000000ce976fc680
Event: 5.269 Thread 0x00000296ff8e6bc0 DEOPT UNPACKING pc=0x00000296e9fd23a3 sp=0x000000ce976fc5d8 mode 2

Classes unloaded (0 events):
No events

Classes redefined (0 events):
No events

Internal exceptions (20 events):
Event: 0.319 Thread 0x00000296ff8e5d50 Exception <a 'java/lang/NoSuchMethodError'{0x0000000710f13578}: 'void java.lang.invoke.DirectMethodHandle$Holder.invokeSpecial(java.lang.Object, java.lang.Object, java.lang.Object)'> (0x0000000710f13578) 
thrown [s\open\src\hotspot\share\interpreter\linkResolver.cpp, line 759]
Event: 0.327 Thread 0x00000296ff8e5d50 Exception <a 'java/lang/NoSuchMethodError'{0x0000000710f4a3e0}: 'void java.lang.invoke.DirectMethodHandle$Holder.invokeStatic(java.lang.Object, java.lang.Object, java.lang.Object)'> (0x0000000710f4a3e0) 
thrown [s\open\src\hotspot\share\interpreter\linkResolver.cpp, line 759]
Event: 0.389 Thread 0x00000296ff8e5d50 Exception <a 'java/lang/NoSuchMethodError'{0x0000000710f669c0}: 'int java.lang.invoke.DirectMethodHandle$Holder.invokeStaticInit(java.lang.Object, java.lang.Object, java.lang.Object)'> (0x0000000710f669c0) 
thrown [s\open\src\hotspot\share\interpreter\linkResolver.cpp, line 759]
Event: 0.403 Thread 0x00000296ff8e5d50 Exception <a 'java/lang/NoSuchMethodError'{0x0000000710ca6f50}: 'java.lang.Object java.lang.invoke.DirectMethodHandle$Holder.newInvokeSpecial(java.lang.Object, java.lang.Object, int, java.lang.Object)'> (0x0000000710ca6f50) 
thrown [s\open\src\hotspot\share\interpreter\linkResolver.cpp, line 759]
Event: 0.404 Thread 0x00000296ff8e5d50 Exception <a 'java/lang/NoSuchMethodError'{0x0000000710cab088}: 'java.lang.Object java.lang.invoke.DirectMethodHandle$Holder.invokeSpecial(java.lang.Object, java.lang.Object, java.lang.Object, int, java.lang.Object)'> (0x0000000710cab088) 
thrown [s\open\src\hotspot\share\interpreter\linkResolver.cpp, line 759]
Event: 0.630 Thread 0x00000296ff8e6bc0 Exception <a 'java/lang/NoSuchMethodError'{0x0000000710af6908}: 'void java.lang.invoke.DirectMethodHandle$Holder.invokeStaticInit(java.lang.Object)'> (0x0000000710af6908) 
thrown [s\open\src\hotspot\share\interpreter\linkResolver.cpp, line 759]
Event: 0.631 Thread 0x00000296ff8e5d50 Exception <a 'java/lang/NoSuchMethodError'{0x0000000710b0fe38}: 'void java.lang.invoke.DirectMethodHandle$Holder.invokeStatic(java.lang.Object, java.lang.Object, java.lang.Object, java.lang.Object)'> (0x0000000710b0fe38) 
thrown [s\open\src\hotspot\share\interpreter\linkResolver.cpp, line 759]
Event: 0.684 Thread 0x00000296ff8e6bc0 Exception <a 'java/lang/NoSuchMethodError'{0x00000007104764f8}: 'java.lang.Object java.lang.invoke.DirectMethodHandle$Holder.invokeStaticInit(java.lang.Object, java.lang.Object, java.lang.Object, java.lang.Object)'> (0x00000007104764f8) 
thrown [s\open\src\hotspot\share\interpreter\linkResolver.cpp, line 759]
Event: 0.685 Thread 0x00000296ff8e6bc0 Exception <a 'java/lang/NullPointerException'{0x00000007104821a0}> (0x00000007104821a0) 
thrown [s\open\src\hotspot\share\interpreter\linkResolver.cpp, line 1350]
Event: 0.687 Thread 0x00000296ff8e6bc0 Exception <a 'java/lang/NoSuchMethodError'{0x00000007104a6b10}: 'void java.lang.invoke.DirectMethodHandle$Holder.invokeSpecial(java.lang.Object, java.lang.Object, java.lang.Object, java.lang.Object, java.lang.Object)'> (0x00000007104a6b10) 
thrown [s\open\src\hotspot\share\interpreter\linkResolver.cpp, line 759]
Event: 0.799 Thread 0x00000296ff8e6bc0 Exception <a 'java/lang/NoSuchMethodError'{0x0000000710abbf90}: 'void java.lang.invoke.DirectMethodHandle$Holder.invokeStaticInit(java.lang.Object, java.lang.Object)'> (0x0000000710abbf90) 
thrown [s\open\src\hotspot\share\interpreter\linkResolver.cpp, line 759]
Event: 1.111 Thread 0x00000296ff8e6bc0 Implicit null exception at 0x00000296f1ab678f to 0x00000296f1ab6b88
Event: 1.206 Thread 0x00000296ff8e6bc0 Exception <a 'java/lang/NoSuchMethodError'{0x000000070f8b2c60}: 'java.lang.Object java.lang.invoke.DirectMethodHandle$Holder.invokeInterface(java.lang.Object, java.lang.Object, java.lang.Object)'> (0x000000070f8b2c60) 
thrown [s\open\src\hotspot\share\interpreter\linkResolver.cpp, line 759]
Event: 1.206 Thread 0x00000296ff8e6bc0 Exception <a 'java/lang/IncompatibleClassChangeError'{0x000000070f8b65e8}: Found class java.lang.Object, but interface was expected> (0x000000070f8b65e8) 
thrown [s\open\src\hotspot\share\interpreter\linkResolver.cpp, line 826]
Event: 1.223 Thread 0x00000296ff8e6bc0 Exception <a 'java/lang/ClassNotFoundException'{0x000000070f9c11e8}: com/sun/javafx/scene/control/skin/resources/controls> (0x000000070f9c11e8) 
thrown [s\open\src\hotspot\share\prims\jni.cpp, line 535]
Event: 1.223 Thread 0x00000296ff8e6bc0 Exception <a 'java/lang/ClassNotFoundException'{0x000000070f9cece8}: com/sun/javafx/scene/control/skin/resources/controls_es> (0x000000070f9cece8) 
thrown [s\open\src\hotspot\share\prims\jni.cpp, line 535]
Event: 1.224 Thread 0x00000296ff8e6bc0 Exception <a 'java/lang/ClassNotFoundException'{0x000000070f9dc4a8}: com/sun/javafx/scene/control/skin/resources/controls_es_ES> (0x000000070f9dc4a8) 
thrown [s\open\src\hotspot\share\prims\jni.cpp, line 535]
Event: 1.246 Thread 0x00000296ff8e6bc0 Exception <a 'java/lang/NoSuchMethodError'{0x000000070f79e4a0}: 'int java.lang.invoke.DirectMethodHandle$Holder.invokeSpecial(java.lang.Object, java.lang.Object, int)'> (0x000000070f79e4a0) 
thrown [s\open\src\hotspot\share\interpreter\linkResolver.cpp, line 759]
Event: 1.276 Thread 0x00000296ff8e6bc0 Exception <a 'java/lang/NoSuchMethodError'{0x000000070f52a330}: 'java.lang.Object java.lang.invoke.DirectMethodHandle$Holder.newInvokeSpecial(java.lang.Object, java.lang.Object, int)'> (0x000000070f52a330) 
thrown [s\open\src\hotspot\share\interpreter\linkResolver.cpp, line 759]
Event: 1.301 Thread 0x00000296ff8e66f0 Exception <a 'java/lang/NoSuchMethodError'{0x000000070f31aa88}: 'int java.lang.invoke.DirectMethodHandle$Holder.invokeStaticInit(java.lang.Object, java.lang.Object)'> (0x000000070f31aa88) 
thrown [s\open\src\hotspot\share\interpreter\linkResolver.cpp, line 759]

VM Operations (20 events):
Event: 0.395 Executing VM operation: HandshakeAllThreads
Event: 0.395 Executing VM operation: HandshakeAllThreads done
Event: 0.746 Executing VM operation: HandshakeAllThreads
Event: 0.746 Executing VM operation: HandshakeAllThreads done
Event: 0.753 Executing VM operation: G1CollectForAllocation
Event: 0.755 Executing VM operation: G1CollectForAllocation done
Event: 0.813 Executing VM operation: HandshakeAllThreads
Event: 0.813 Executing VM operation: HandshakeAllThreads done
Event: 0.860 Executing VM operation: HandshakeAllThreads
Event: 0.860 Executing VM operation: HandshakeAllThreads done
Event: 1.220 Executing VM operation: ICBufferFull
Event: 1.220 Executing VM operation: ICBufferFull done
Event: 2.199 Executing VM operation: HandshakeAllThreads
Event: 2.199 Executing VM operation: HandshakeAllThreads done
Event: 3.199 Executing VM operation: Cleanup
Event: 3.199 Executing VM operation: Cleanup done
Event: 4.199 Executing VM operation: Cleanup
Event: 4.199 Executing VM operation: Cleanup done
Event: 5.200 Executing VM operation: Cleanup
Event: 5.200 Executing VM operation: Cleanup done

Events (20 events):
Event: 1.328 loading class jdk/internal/math/FDBigInteger done
Event: 1.330 loading class sun/misc/Unsafe
Event: 1.330 loading class sun/misc/Unsafe done
Event: 1.331 loading class jdk/internal/reflect/UnsafeQualifiedStaticObjectFieldAccessorImpl
Event: 1.331 loading class jdk/internal/reflect/UnsafeQualifiedStaticFieldAccessorImpl
Event: 1.331 loading class jdk/internal/reflect/UnsafeQualifiedStaticFieldAccessorImpl done
Event: 1.331 loading class jdk/internal/reflect/UnsafeQualifiedStaticObjectFieldAccessorImpl done
Event: 1.343 loading class java/nio/ShortBuffer
Event: 1.343 loading class java/nio/ShortBuffer done
Event: 1.343 loading class java/nio/DoubleBuffer
Event: 1.343 loading class java/nio/DoubleBuffer done
Event: 1.343 loading class java/nio/DirectFloatBufferU
Event: 1.343 loading class java/nio/DirectFloatBufferU done
Event: 1.878 Thread 0x000002968b0eeb60 Thread exited: 0x000002968b0eeb60
Event: 1.880 loading class java/util/EnumMap$Values
Event: 1.880 loading class java/util/EnumMap$Values done
Event: 1.880 loading class java/util/EnumMap$ValueIterator
Event: 1.880 loading class java/util/EnumMap$EnumMapIterator
Event: 1.880 loading class java/util/EnumMap$EnumMapIterator done
Event: 1.880 loading class java/util/EnumMap$ValueIterator done


Dynamic libraries:
0x00007ff695220000 - 0x00007ff695230000 	C:\Program Files\Java\jdk-17.0.5\bin\java.exe
0x00007ff9f1fb0000 - 0x00007ff9f21a8000 	C:\WINDOWS\SYSTEM32\ntdll.dll
0x00007ff9f0e50000 - 0x00007ff9f0f0d000 	C:\WINDOWS\System32\KERNEL32.DLL
0x00007ff9efd30000 - 0x00007ff9f0002000 	C:\WINDOWS\System32\KERNELBASE.dll
0x00007ff9eca50000 - 0x00007ff9ecae1000 	C:\WINDOWS\SYSTEM32\apphelp.dll
0x00007ff9efb80000 - 0x00007ff9efc80000 	C:\WINDOWS\System32\ucrtbase.dll
0x00007ff9e4840000 - 0x00007ff9e485a000 	C:\Program Files\Java\jdk-17.0.5\bin\VCRUNTIME140.dll
0x00007ff9e9990000 - 0x00007ff9e99a8000 	C:\Program Files\Java\jdk-17.0.5\bin\jli.dll
0x00007ff9f0fa0000 - 0x00007ff9f104e000 	C:\WINDOWS\System32\ADVAPI32.dll
0x00007ff9f0db0000 - 0x00007ff9f0e4e000 	C:\WINDOWS\System32\msvcrt.dll
0x00007ff9f0010000 - 0x00007ff9f00ac000 	C:\WINDOWS\System32\sechost.dll
0x00007ff9f1620000 - 0x00007ff9f1745000 	C:\WINDOWS\System32\RPCRT4.dll
0x00007ff9f1810000 - 0x00007ff9f19ad000 	C:\WINDOWS\System32\USER32.dll
0x00007ff9d8210000 - 0x00007ff9d84aa000 	C:\WINDOWS\WinSxS\amd64_microsoft.windows.common-controls_6595b64144ccf1df_6.0.19041.1110_none_60b5254171f9507e\COMCTL32.dll
0x00007ff9ef8b0000 - 0x00007ff9ef8d2000 	C:\WINDOWS\System32\win32u.dll
0x00007ff9f0b60000 - 0x00007ff9f0b8b000 	C:\WINDOWS\System32\GDI32.dll
0x00007ff9ef9d0000 - 0x00007ff9efadf000 	C:\WINDOWS\System32\gdi32full.dll
0x00007ff9efae0000 - 0x00007ff9efb7d000 	C:\WINDOWS\System32\msvcp_win.dll
0x00007ff9e7710000 - 0x00007ff9e771a000 	C:\WINDOWS\SYSTEM32\VERSION.dll
0x00007ff9f15e0000 - 0x00007ff9f1610000 	C:\WINDOWS\System32\IMM32.DLL
0x00007ff9e9c50000 - 0x00007ff9e9c5c000 	C:\Program Files\Java\jdk-17.0.5\bin\vcruntime140_1.dll
0x00007ff9bdc10000 - 0x00007ff9bdc9d000 	C:\Program Files\Java\jdk-17.0.5\bin\msvcp140.dll
0x00007ff9395d0000 - 0x00007ff93a192000 	C:\Program Files\Java\jdk-17.0.5\bin\server\jvm.dll
0x00007ff9f1800000 - 0x00007ff9f1808000 	C:\WINDOWS\System32\PSAPI.DLL
0x00007ff9d5b50000 - 0x00007ff9d5b59000 	C:\WINDOWS\SYSTEM32\WSOCK32.dll
0x00007ff9e4930000 - 0x00007ff9e4957000 	C:\WINDOWS\SYSTEM32\WINMM.dll
0x00007ff9f1ea0000 - 0x00007ff9f1f0b000 	C:\WINDOWS\System32\WS2_32.dll
0x00007ff9edf30000 - 0x00007ff9edf42000 	C:\WINDOWS\SYSTEM32\kernel.appcore.dll
0x00007ff9e99b0000 - 0x00007ff9e99ba000 	C:\Program Files\Java\jdk-17.0.5\bin\jimage.dll
0x00007ff9edd10000 - 0x00007ff9edef4000 	C:\WINDOWS\SYSTEM32\DBGHELP.DLL
0x00007ff9e0820000 - 0x00007ff9e084c000 	C:\WINDOWS\SYSTEM32\dbgcore.DLL
0x00007ff9ef820000 - 0x00007ff9ef8a2000 	C:\WINDOWS\System32\bcryptPrimitives.dll
0x00007ff9e47d0000 - 0x00007ff9e47f5000 	C:\Program Files\Java\jdk-17.0.5\bin\java.dll
0x00007ff93e350000 - 0x00007ff93e426000 	C:\Program Files\Java\jdk-17.0.5\bin\jsvml.dll
0x00007ff9f00b0000 - 0x00007ff9f07f3000 	C:\WINDOWS\System32\SHELL32.dll
0x00007ff9ed320000 - 0x00007ff9edab1000 	C:\WINDOWS\SYSTEM32\windows.storage.dll
0x00007ff9f0800000 - 0x00007ff9f0b54000 	C:\WINDOWS\System32\combase.dll
0x00007ff9ef120000 - 0x00007ff9ef150000 	C:\WINDOWS\SYSTEM32\Wldp.dll
0x00007ff9f1750000 - 0x00007ff9f17fd000 	C:\WINDOWS\System32\SHCORE.dll
0x00007ff9f1dc0000 - 0x00007ff9f1e15000 	C:\WINDOWS\System32\shlwapi.dll
0x00007ff9ef600000 - 0x00007ff9ef61f000 	C:\WINDOWS\SYSTEM32\profapi.dll
0x00007ff9e0fd0000 - 0x00007ff9e0fe9000 	C:\Program Files\Java\jdk-17.0.5\bin\net.dll
0x00007ff9e55c0000 - 0x00007ff9e56cd000 	C:\WINDOWS\SYSTEM32\WINHTTP.dll
0x00007ff9eee80000 - 0x00007ff9eeeea000 	C:\WINDOWS\system32\mswsock.dll
0x00007ff9e0910000 - 0x00007ff9e0926000 	C:\Program Files\Java\jdk-17.0.5\bin\nio.dll
0x00007ff9dd950000 - 0x00007ff9dd968000 	C:\Program Files\Java\jdk-17.0.5\bin\zip.dll
0x00000296e2660000 - 0x00000296e2663000 	C:\Users\Ivan\.openjfx\cache\16\api-ms-win-core-console-l1-1-0.dll
0x00000296e2670000 - 0x00000296e2673000 	C:\Users\Ivan\.openjfx\cache\16\api-ms-win-core-console-l1-2-0.dll
0x00000296e2680000 - 0x00000296e2683000 	C:\Users\Ivan\.openjfx\cache\16\api-ms-win-core-datetime-l1-1-0.dll
0x00000296e2690000 - 0x00000296e2693000 	C:\Users\Ivan\.openjfx\cache\16\api-ms-win-core-debug-l1-1-0.dll
0x00000296e26a0000 - 0x00000296e26a3000 	C:\Users\Ivan\.openjfx\cache\16\api-ms-win-core-errorhandling-l1-1-0.dll
0x00000296e26b0000 - 0x00000296e26b4000 	C:\Users\Ivan\.openjfx\cache\16\api-ms-win-core-file-l1-1-0.dll
0x00000296e26c0000 - 0x00000296e26c3000 	C:\Users\Ivan\.openjfx\cache\16\api-ms-win-core-file-l1-2-0.dll
0x00000296e26d0000 - 0x00000296e26d3000 	C:\Users\Ivan\.openjfx\cache\16\api-ms-win-core-file-l2-1-0.dll
0x00000296fed90000 - 0x00000296fed93000 	C:\Users\Ivan\.openjfx\cache\16\api-ms-win-core-handle-l1-1-0.dll
0x00000296feda0000 - 0x00000296feda3000 	C:\Users\Ivan\.openjfx\cache\16\api-ms-win-core-heap-l1-1-0.dll
0x00000296fedb0000 - 0x00000296fedb3000 	C:\Users\Ivan\.openjfx\cache\16\api-ms-win-core-interlocked-l1-1-0.dll
0x00000296fedc0000 - 0x00000296fedc3000 	C:\Users\Ivan\.openjfx\cache\16\api-ms-win-core-libraryloader-l1-1-0.dll
0x00000296fedd0000 - 0x00000296fedd3000 	C:\Users\Ivan\.openjfx\cache\16\api-ms-win-core-localization-l1-2-0.dll
0x00000296fede0000 - 0x00000296fede3000 	C:\Users\Ivan\.openjfx\cache\16\api-ms-win-core-memory-l1-1-0.dll
0x00000296fedf0000 - 0x00000296fedf3000 	C:\Users\Ivan\.openjfx\cache\16\api-ms-win-core-namedpipe-l1-1-0.dll
0x00000296fee00000 - 0x00000296fee03000 	C:\Users\Ivan\.openjfx\cache\16\api-ms-win-core-processenvironment-l1-1-0.dll
0x00000296fee10000 - 0x00000296fee13000 	C:\Users\Ivan\.openjfx\cache\16\api-ms-win-core-processthreads-l1-1-0.dll
0x00000296fee20000 - 0x00000296fee23000 	C:\Users\Ivan\.openjfx\cache\16\api-ms-win-core-processthreads-l1-1-1.dll
0x00000296fee30000 - 0x00000296fee33000 	C:\Users\Ivan\.openjfx\cache\16\api-ms-win-core-profile-l1-1-0.dll
0x00000296fee40000 - 0x00000296fee43000 	C:\Users\Ivan\.openjfx\cache\16\api-ms-win-core-rtlsupport-l1-1-0.dll
0x00000296fee50000 - 0x00000296fee53000 	C:\Users\Ivan\.openjfx\cache\16\api-ms-win-core-string-l1-1-0.dll
0x00000296fee60000 - 0x00000296fee63000 	C:\Users\Ivan\.openjfx\cache\16\api-ms-win-core-synch-l1-1-0.dll
0x00000296fee70000 - 0x00000296fee73000 	C:\Users\Ivan\.openjfx\cache\16\api-ms-win-core-synch-l1-2-0.dll
0x00000296fee80000 - 0x00000296fee83000 	C:\Users\Ivan\.openjfx\cache\16\api-ms-win-core-sysinfo-l1-1-0.dll
0x00000296fee90000 - 0x00000296fee93000 	C:\Users\Ivan\.openjfx\cache\16\api-ms-win-core-timezone-l1-1-0.dll
0x00000296feea0000 - 0x00000296feea3000 	C:\Users\Ivan\.openjfx\cache\16\api-ms-win-core-util-l1-1-0.dll
0x00000296feeb0000 - 0x00000296feeb3000 	C:\Users\Ivan\.openjfx\cache\16\api-ms-win-crt-conio-l1-1-0.dll
0x00000296feec0000 - 0x00000296feec4000 	C:\Users\Ivan\.openjfx\cache\16\api-ms-win-crt-convert-l1-1-0.dll
0x00000296feed0000 - 0x00000296feed3000 	C:\Users\Ivan\.openjfx\cache\16\api-ms-win-crt-environment-l1-1-0.dll
0x00000296feee0000 - 0x00000296feee3000 	C:\Users\Ivan\.openjfx\cache\16\api-ms-win-crt-filesystem-l1-1-0.dll
0x00000296feef0000 - 0x00000296feef3000 	C:\Users\Ivan\.openjfx\cache\16\api-ms-win-crt-heap-l1-1-0.dll
0x00000296fef00000 - 0x00000296fef03000 	C:\Users\Ivan\.openjfx\cache\16\api-ms-win-crt-locale-l1-1-0.dll
0x00000296fef10000 - 0x00000296fef15000 	C:\Users\Ivan\.openjfx\cache\16\api-ms-win-crt-math-l1-1-0.dll
0x00000296fef20000 - 0x00000296fef25000 	C:\Users\Ivan\.openjfx\cache\16\api-ms-win-crt-multibyte-l1-1-0.dll
0x00000296fef30000 - 0x00000296fef40000 	C:\Users\Ivan\.openjfx\cache\16\api-ms-win-crt-private-l1-1-0.dll
0x00000296fef40000 - 0x00000296fef43000 	C:\Users\Ivan\.openjfx\cache\16\api-ms-win-crt-process-l1-1-0.dll
0x00000296fef50000 - 0x00000296fef54000 	C:\Users\Ivan\.openjfx\cache\16\api-ms-win-crt-runtime-l1-1-0.dll
0x00000296fef60000 - 0x00000296fef64000 	C:\Users\Ivan\.openjfx\cache\16\api-ms-win-crt-stdio-l1-1-0.dll
0x00000296fef70000 - 0x00000296fef74000 	C:\Users\Ivan\.openjfx\cache\16\api-ms-win-crt-string-l1-1-0.dll
0x00000296fef80000 - 0x00000296fef83000 	C:\Users\Ivan\.openjfx\cache\16\api-ms-win-crt-time-l1-1-0.dll
0x00000296fef90000 - 0x00000296fef93000 	C:\Users\Ivan\.openjfx\cache\16\api-ms-win-crt-utility-l1-1-0.dll
0x00007ff9d5880000 - 0x00007ff9d597c000 	C:\Users\Ivan\.openjfx\cache\16\ucrtbase.dll
0x00007ff9e9970000 - 0x00007ff9e9989000 	C:\Users\Ivan\.openjfx\cache\16\vcruntime140.dll
0x00007ff9e9c30000 - 0x00007ff9e9c3c000 	C:\Users\Ivan\.openjfx\cache\16\vcruntime140_1.dll
0x00007ff9e37d0000 - 0x00007ff9e3861000 	C:\Users\Ivan\.openjfx\cache\16\msvcp140.dll
0x00007ff9e9820000 - 0x00007ff9e9847000 	C:\Users\Ivan\.openjfx\cache\16\prism_d3d.dll
0x00007ff9e39d0000 - 0x00007ff9e3b9f000 	C:\WINDOWS\system32\d3d9.dll
0x00007ff9ece50000 - 0x00007ff9ece7f000 	C:\WINDOWS\SYSTEM32\dwmapi.dll
0x00007ff9ecbe0000 - 0x00007ff9ecc7e000 	C:\WINDOWS\system32\uxtheme.dll
0x00007ff9e2d30000 - 0x00007ff9e2dee000 	C:\WINDOWS\System32\DriverStore\FileRepository\nv_dispi.inf_amd64_ade64cd54ec2f9ed\nvldumdx.dll
0x00007ff9ef2b0000 - 0x00007ff9ef2c2000 	C:\WINDOWS\SYSTEM32\msasn1.dll
0x00007ff9e5860000 - 0x00007ff9e5891000 	C:\WINDOWS\SYSTEM32\cryptnet.dll
0x00007ff9ef6c0000 - 0x00007ff9ef816000 	C:\WINDOWS\System32\CRYPT32.dll
0x00007ff9e5710000 - 0x00007ff9e5858000 	C:\WINDOWS\SYSTEM32\drvstore.dll
0x00007ff9ef470000 - 0x00007ff9ef49c000 	C:\WINDOWS\SYSTEM32\devobj.dll
0x00007ff9ef8e0000 - 0x00007ff9ef92e000 	C:\WINDOWS\System32\cfgmgr32.dll
0x00007ff9ef090000 - 0x00007ff9ef09c000 	C:\WINDOWS\SYSTEM32\cryptbase.dll
0x00007ff9ef960000 - 0x00007ff9ef9c9000 	C:\WINDOWS\System32\WINTRUST.DLL
0x00007ff9f1da0000 - 0x00007ff9f1dbd000 	C:\WINDOWS\System32\imagehlp.dll
0x00007ff9ef070000 - 0x00007ff9ef088000 	C:\WINDOWS\SYSTEM32\CRYPTSP.dll
0x00007ff9ee730000 - 0x00007ff9ee764000 	C:\WINDOWS\system32\rsaenh.dll
0x00007ff9ef930000 - 0x00007ff9ef957000 	C:\WINDOWS\System32\bcrypt.dll
0x00007ff99cb90000 - 0x00007ff99f199000 	C:\WINDOWS\System32\DriverStore\FileRepository\nv_dispi.inf_amd64_ade64cd54ec2f9ed\nvd3dumx.dll
0x00007ff9e4030000 - 0x00007ff9e4072000 	C:\Users\Ivan\.openjfx\cache\16\glass.dll
0x00007ff9f0cd0000 - 0x00007ff9f0daa000 	C:\WINDOWS\System32\COMDLG32.dll
0x00007ff9f1ac0000 - 0x00007ff9f1bea000 	C:\WINDOWS\System32\ole32.dll
0x00007ff9f0b90000 - 0x00007ff9f0c5d000 	C:\WINDOWS\System32\OLEAUT32.dll
0x0000000180000000 - 0x000000018801a000 	C:\Program Files (x86)\ASUS\GPUTweakIII\GTIII-OSD\x64\GTIII-OSD64-VK.dll
0x00007ff940be0000 - 0x00007ff940d45000 	C:\WINDOWS\SYSTEM32\vulkan-1.dll
0x00007ff9edf80000 - 0x00007ff9ee073000 	C:\WINDOWS\system32\dxgi.dll
0x00007ff9f14c0000 - 0x00007ff9f15d5000 	C:\WINDOWS\System32\MSCTF.dll
0x00007ff9d8660000 - 0x00007ff9d892f000 	C:\WINDOWS\system32\nvspcap64.dll
0x00007ff9ee850000 - 0x00007ff9ee883000 	C:\WINDOWS\SYSTEM32\ntmarta.dll
0x00007ff9edf50000 - 0x00007ff9edf73000 	C:\WINDOWS\SYSTEM32\gpapi.dll
0x00007ff9e56d0000 - 0x00007ff9e570b000 	C:\WINDOWS\SYSTEM32\dxcore.dll
0x00007ff9e7e80000 - 0x00007ff9e7e94000 	C:\Users\Ivan\.openjfx\cache\16\javafx_font.dll
0x00007ff9e4800000 - 0x00007ff9e482d000 	C:\Users\Ivan\.openjfx\cache\16\javafx_iio.dll
0x00007ff9dd4d0000 - 0x00007ff9dd74f000 	C:\WINDOWS\SYSTEM32\dwrite.dll
0x00007ff9f19b0000 - 0x00007ff9f1a5f000 	C:\WINDOWS\System32\clbcatq.dll
0x00007ff9e7550000 - 0x00007ff9e7704000 	C:\WINDOWS\SYSTEM32\WindowsCodecs.dll
0x00007ff9d49f0000 - 0x00007ff9d4a2e000 	C:\WINDOWS\system32\dataexchange.dll
0x00007ff9ebf50000 - 0x00007ff9ec133000 	C:\WINDOWS\system32\dcomp.dll

dbghelp: loaded successfully - version: 4.0.5 - missing functions: none
symbol engine: initialized successfully - sym options: 0x614 - pdb path: .;C:\Program Files\Java\jdk-17.0.5\bin;C:\WINDOWS\SYSTEM32;C:\WINDOWS\WinSxS\amd64_microsoft.windows.common-controls_6595b64144ccf1df_6.0.19041.1110_none_60b5254171f9507e;C:\Program Files\Java\jdk-17.0.5\bin\server;C:\Users\Ivan\.openjfx\cache\16;C:\WINDOWS\System32\DriverStore\FileRepository\nv_dispi.inf_amd64_ade64cd54ec2f9ed;C:\Program Files (x86)\ASUS\GPUTweakIII\GTIII-OSD\x64;C:\Program Files\Common Files\Microsoft Shared\Ink

VM Arguments:
jvm_args: --module-path=C:\Users\Ivan\.m2\repository\org\openjfx\javafx-base\16\javafx-base-16-win.jar;C:\Users\Ivan\.m2\repository\org\openjfx\javafx-base\16\javafx-base-16.jar;C:\Users\Ivan\.m2\repository\org\openjfx\javafx-controls\16\javafx-controls-16-win.jar;C:\Users\Ivan\.m2\repository\org\openjfx\javafx-controls\16\javafx-controls-16.jar;C:\Users\Ivan\.m2\repository\org\openjfx\javafx-fxml\16\javafx-fxml-16-win.jar;C:\Users\Ivan\.m2\repository\org\openjfx\javafx-fxml\16\javafx-fxml-16.jar;C:\Users\Ivan\.m2\repository\org\openjfx\javafx-graphics\16\javafx-graphics-16-win.jar;C:\Users\Ivan\.m2\repository\org\openjfx\javafx-graphics\16\javafx-graphics-16.jar;C:\Users\Ivan\.m2\repository\org\openjfx\javafx-media\16\javafx-media-16-win.jar;C:\Users\Ivan\.m2\repository\org\openjfx\javafx-media\16\javafx-media-16.jar --add-modules=javafx.base,javafx.controls,javafx.fxml,javafx.graphics,javafx.media 
java_command: prac1.main.Main
java_class_path (initial): C:\Users\Ivan\Documents\NetBeansProjects\reproductor\target\classes
Launcher Type: SUN_STANDARD

[Global flags]
     intx CICompilerCount                          = 3                                         {product} {ergonomic}
     uint ConcGCThreads                            = 1                                         {product} {ergonomic}
     uint G1ConcRefinementThreads                  = 4                                         {product} {ergonomic}
   size_t G1HeapRegionSize                         = 2097152                                   {product} {ergonomic}
    uintx GCDrainStackTargetSize                   = 64                                        {product} {ergonomic}
   size_t InitialHeapSize                          = 268435456                                 {product} {ergonomic}
   size_t MarkStackSize                            = 4194304                                   {product} {ergonomic}
   size_t MaxHeapSize                              = 4278190080                                {product} {ergonomic}
   size_t MaxNewSize                               = 2566914048                                {product} {ergonomic}
   size_t MinHeapDeltaBytes                        = 2097152                                   {product} {ergonomic}
   size_t MinHeapSize                              = 8388608                                   {product} {ergonomic}
    uintx NonNMethodCodeHeapSize                   = 5832780                                {pd product} {ergonomic}
    uintx NonProfiledCodeHeapSize                  = 122912730                              {pd product} {ergonomic}
    uintx ProfiledCodeHeapSize                     = 122912730                              {pd product} {ergonomic}
    uintx ReservedCodeCacheSize                    = 251658240                              {pd product} {ergonomic}
     bool SegmentedCodeCache                       = true                                      {product} {ergonomic}
   size_t SoftMaxHeapSize                          = 4278190080                             {manageable} {ergonomic}
     bool UseCompressedClassPointers               = true                           {product lp64_product} {ergonomic}
     bool UseCompressedOops                        = true                           {product lp64_product} {ergonomic}
     bool UseG1GC                                  = true                                      {product} {ergonomic}
     bool UseLargePagesIndividualAllocation        = false                                  {pd product} {ergonomic}

Logging:
Log output configuration:
 #0: stdout all=warning uptime,level,tags
 #1: stderr all=off uptime,level,tags

Environment Variables:
JAVA_HOME=C:\Program Files\Java\jdk-17.0.5
PATH=C:\Program Files (x86)\Common Files\Oracle\Java\javapath;C:\ProgramData\Oracle\Java\javapath;C:\Program Files\Common Files\Oracle\Java\javapath;C:\Program Files (x86)\Common Files\Intel\Shared Libraries\redist\intel64_win\compiler;C:\WINDOWS\system32;C:\WINDOWS;C:\WINDOWS\System32\Wbem;C:\WINDOWS\System32\WindowsPowerShell\v1.0\;C:\WINDOWS\System32\OpenSSH\;C:\Program Files (x86)\NVIDIA Corporation\PhysX\Common;C:\Program Files\NVIDIA Corporation\NVIDIA NvDLISR;C:\Program Files (x86)\Windows Kits\10\Windows Performance Toolkit\;C:\WINDOWS\system32;C:\WINDOWS;C:\WINDOWS\System32\Wbem;C:\WINDOWS\System32\WindowsPowerShell\v1.0\;C:\WINDOWS\System32\OpenSSH\;C:\Java\bin;C:\Java\jre\bin;C:\Java\jre\bin\client;C:\PostgreSQL\8.3\bin;C:\iDempiere\apacheAnt\bin;C:\Program Files\Git\cmd;C:\Program Files\dotnet\;C:\Users\Ivan\AppData\Local\Microsoft\WindowsApps;;C:\Users\Ivan\AppData\Local\Programs\Microsoft VS Code\bin;C:\Users\Ivan\.dotnet\tools
USERNAME=Ivan
OS=Windows_NT
PROCESSOR_IDENTIFIER=Intel64 Family 6 Model 158 Stepping 9, GenuineIntel



---------------  S Y S T E M  ---------------

OS:
 Windows 10 , 64 bit Build 19041 (10.0.19041.1889)
OS uptime: 6 days 23:19 hours

CPU: total 4 (initial active 4) (4 cores per cpu, 1 threads per core) family 6 model 158 stepping 9 microcode 0xb4, cx8, cmov, fxsr, mmx, 3dnowpref, sse, sse2, sse3, ssse3, sse4.1, sse4.2, popcnt, lzcnt, tsc, tscinvbit, avx, avx2, aes, erms, clmul, bmi1, bmi2, rtm, adx, fma, vzeroupper, clflush, clflushopt

Memory: 4k page, system-wide physical 16314M (8063M free)
TotalPageFile size 23738M (AvailPageFile size 7121M)
current process WorkingSet (physical memory assigned to process): 157M, peak: 192M
current process commit charge ("private bytes"): 814M, peak: 846M

vm_info: Java HotSpot(TM) 64-Bit Server VM (17.0.5+9-LTS-191) for windows-amd64 JRE (17.0.5+9-LTS-191), built on Sep 13 2022 17:31:43 by "mach5one" with MS VC++ 16.8 / 16.9 (VS2019)

END.
